<?xml version="1.0" encoding="UTF-8"?>
<testsuite name="com.ssginc8.docto.medication.controller.MedicationControllerTest" tests="5" skipped="0" failures="5" errors="0" timestamp="2025-06-02T07:33:48.309Z" hostname="SOOMIN" time="0.118">
  <properties/>
  <testcase name="복약 스케줄 등록" classname="com.ssginc8.docto.medication.controller.MedicationControllerTest" time="0.03">
    <failure message="org.springframework.dao.DataIntegrityViolationException: could not execute statement [오류: &quot;tbl_patient_guardian&quot; 테이블의 자료 갱신, 삭제 작업이 &quot;fk6pdhcoqjbodmx3krkc6apt59e&quot; 참조키(foreign key) 제약 조건 - &quot;tbl_appointment&quot; 테이블 - 을 위반했습니다&#10;  Detail: (patient_guardian_id)=(1) 키가 &quot;tbl_appointment&quot; 테이블에서 여전히 참조됩니다.] [delete from tbl_patient_guardian where patient_guardian_id=?]; SQL [delete from tbl_patient_guardian where patient_guardian_id=?]; constraint [null]" type="org.springframework.dao.DataIntegrityViolationException">org.springframework.dao.DataIntegrityViolationException: could not execute statement [오류: &quot;tbl_patient_guardian&quot; 테이블의 자료 갱신, 삭제 작업이 &quot;fk6pdhcoqjbodmx3krkc6apt59e&quot; 참조키(foreign key) 제약 조건 - &quot;tbl_appointment&quot; 테이블 - 을 위반했습니다
  Detail: (patient_guardian_id)=(1) 키가 &quot;tbl_appointment&quot; 테이블에서 여전히 참조됩니다.] [delete from tbl_patient_guardian where patient_guardian_id=?]; SQL [delete from tbl_patient_guardian where patient_guardian_id=?]; constraint [null]
	at app//org.springframework.orm.jpa.vendor.HibernateJpaDialect.convertHibernateAccessException(HibernateJpaDialect.java:294)
	at app//org.springframework.orm.jpa.vendor.HibernateJpaDialect.convertHibernateAccessException(HibernateJpaDialect.java:256)
	at app//org.springframework.orm.jpa.vendor.HibernateJpaDialect.translateExceptionIfPossible(HibernateJpaDialect.java:241)
	at app//org.springframework.orm.jpa.JpaTransactionManager.doCommit(JpaTransactionManager.java:566)
	at app//org.springframework.transaction.support.AbstractPlatformTransactionManager.processCommit(AbstractPlatformTransactionManager.java:795)
	at app//org.springframework.transaction.support.AbstractPlatformTransactionManager.commit(AbstractPlatformTransactionManager.java:758)
	at app//org.springframework.transaction.interceptor.TransactionAspectSupport.commitTransactionAfterReturning(TransactionAspectSupport.java:698)
	at app//org.springframework.transaction.interceptor.TransactionAspectSupport.invokeWithinTransaction(TransactionAspectSupport.java:416)
	at app//org.springframework.transaction.interceptor.TransactionInterceptor.invoke(TransactionInterceptor.java:119)
	at app//org.springframework.aop.framework.ReflectiveMethodInvocation.proceed(ReflectiveMethodInvocation.java:184)
	at app//org.springframework.dao.support.PersistenceExceptionTranslationInterceptor.invoke(PersistenceExceptionTranslationInterceptor.java:138)
	at app//org.springframework.aop.framework.ReflectiveMethodInvocation.proceed(ReflectiveMethodInvocation.java:184)
	at app//org.springframework.data.jpa.repository.support.CrudMethodMetadataPostProcessor$CrudMethodMetadataPopulatingMethodInterceptor.invoke(CrudMethodMetadataPostProcessor.java:165)
	at app//org.springframework.aop.framework.ReflectiveMethodInvocation.proceed(ReflectiveMethodInvocation.java:184)
	at app//org.springframework.aop.framework.JdkDynamicAopProxy.invoke(JdkDynamicAopProxy.java:223)
	at app/jdk.proxy3/jdk.proxy3.$Proxy182.deleteAll(Unknown Source)
	at app//com.ssginc8.docto.medication.controller.MedicationControllerTest.setUp(MedicationControllerTest.java:83)
	at java.base@17.0.14/java.lang.reflect.Method.invoke(Method.java:569)
	at java.base@17.0.14/java.util.ArrayList.forEach(ArrayList.java:1511)
	at java.base@17.0.14/java.util.ArrayList.forEach(ArrayList.java:1511)
Caused by: org.hibernate.exception.ConstraintViolationException: could not execute statement [오류: &quot;tbl_patient_guardian&quot; 테이블의 자료 갱신, 삭제 작업이 &quot;fk6pdhcoqjbodmx3krkc6apt59e&quot; 참조키(foreign key) 제약 조건 - &quot;tbl_appointment&quot; 테이블 - 을 위반했습니다
  Detail: (patient_guardian_id)=(1) 키가 &quot;tbl_appointment&quot; 테이블에서 여전히 참조됩니다.] [delete from tbl_patient_guardian where patient_guardian_id=?]
	at app//org.hibernate.exception.internal.SQLStateConversionDelegate.convert(SQLStateConversionDelegate.java:97)
	at app//org.hibernate.exception.internal.StandardSQLExceptionConverter.convert(StandardSQLExceptionConverter.java:58)
	at app//org.hibernate.engine.jdbc.spi.SqlExceptionHelper.convert(SqlExceptionHelper.java:108)
	at app//org.hibernate.engine.jdbc.internal.ResultSetReturnImpl.executeUpdate(ResultSetReturnImpl.java:197)
	at app//org.hibernate.engine.jdbc.mutation.internal.AbstractMutationExecutor.performNonBatchedMutation(AbstractMutationExecutor.java:134)
	at app//org.hibernate.engine.jdbc.mutation.internal.MutationExecutorSingleNonBatched.performNonBatchedOperations(MutationExecutorSingleNonBatched.java:55)
	at app//org.hibernate.engine.jdbc.mutation.internal.AbstractMutationExecutor.execute(AbstractMutationExecutor.java:55)
	at app//org.hibernate.persister.entity.mutation.AbstractDeleteCoordinator.doStaticDelete(AbstractDeleteCoordinator.java:279)
	at app//org.hibernate.persister.entity.mutation.AbstractDeleteCoordinator.delete(AbstractDeleteCoordinator.java:87)
	at app//org.hibernate.action.internal.EntityDeleteAction.execute(EntityDeleteAction.java:131)
	at app//org.hibernate.engine.spi.ActionQueue.executeActions(ActionQueue.java:644)
	at app//org.hibernate.engine.spi.ActionQueue.executeActions(ActionQueue.java:511)
	at app//org.hibernate.event.internal.AbstractFlushingEventListener.performExecutions(AbstractFlushingEventListener.java:414)
	at app//org.hibernate.event.internal.DefaultFlushEventListener.onFlush(DefaultFlushEventListener.java:41)
	at app//org.hibernate.event.service.internal.EventListenerGroupImpl.fireEventOnEachListener(EventListenerGroupImpl.java:127)
	at app//org.hibernate.internal.SessionImpl.doFlush(SessionImpl.java:1429)
	at app//org.hibernate.internal.SessionImpl.managedFlush(SessionImpl.java:491)
	at app//org.hibernate.internal.SessionImpl.flushBeforeTransactionCompletion(SessionImpl.java:2354)
	at app//org.hibernate.internal.SessionImpl.beforeTransactionCompletion(SessionImpl.java:1978)
	at app//org.hibernate.engine.jdbc.internal.JdbcCoordinatorImpl.beforeTransactionCompletion(JdbcCoordinatorImpl.java:439)
	at app//org.hibernate.resource.transaction.backend.jdbc.internal.JdbcResourceLocalTransactionCoordinatorImpl.beforeCompletionCallback(JdbcResourceLocalTransactionCoordinatorImpl.java:169)
	at app//org.hibernate.resource.transaction.backend.jdbc.internal.JdbcResourceLocalTransactionCoordinatorImpl$TransactionDriverControlImpl.commit(JdbcResourceLocalTransactionCoordinatorImpl.java:267)
	at app//org.hibernate.engine.transaction.internal.TransactionImpl.commit(TransactionImpl.java:101)
	at app//org.springframework.orm.jpa.JpaTransactionManager.doCommit(JpaTransactionManager.java:562)
	... 16 more
Caused by: org.postgresql.util.PSQLException: 오류: &quot;tbl_patient_guardian&quot; 테이블의 자료 갱신, 삭제 작업이 &quot;fk6pdhcoqjbodmx3krkc6apt59e&quot; 참조키(foreign key) 제약 조건 - &quot;tbl_appointment&quot; 테이블 - 을 위반했습니다
  Detail: (patient_guardian_id)=(1) 키가 &quot;tbl_appointment&quot; 테이블에서 여전히 참조됩니다.
	at app//org.postgresql.core.v3.QueryExecutorImpl.receiveErrorResponse(QueryExecutorImpl.java:2733)
	at app//org.postgresql.core.v3.QueryExecutorImpl.processResults(QueryExecutorImpl.java:2420)
	at app//org.postgresql.core.v3.QueryExecutorImpl.execute(QueryExecutorImpl.java:372)
	at app//org.postgresql.jdbc.PgStatement.executeInternal(PgStatement.java:517)
	at app//org.postgresql.jdbc.PgStatement.execute(PgStatement.java:434)
	at app//org.postgresql.jdbc.PgPreparedStatement.executeWithFlags(PgPreparedStatement.java:194)
	at app//org.postgresql.jdbc.PgPreparedStatement.executeUpdate(PgPreparedStatement.java:155)
	at app//com.zaxxer.hikari.pool.ProxyPreparedStatement.executeUpdate(ProxyPreparedStatement.java:61)
	at app//com.zaxxer.hikari.pool.HikariProxyPreparedStatement.executeUpdate(HikariProxyPreparedStatement.java)
	at app//org.hibernate.engine.jdbc.internal.ResultSetReturnImpl.executeUpdate(ResultSetReturnImpl.java:194)
	... 36 more
</failure>
  </testcase>
  <testcase name="복약 완료 처리" classname="com.ssginc8.docto.medication.controller.MedicationControllerTest" time="0.022">
    <failure message="org.springframework.dao.DataIntegrityViolationException: could not execute statement [오류: &quot;tbl_patient_guardian&quot; 테이블의 자료 갱신, 삭제 작업이 &quot;fk6pdhcoqjbodmx3krkc6apt59e&quot; 참조키(foreign key) 제약 조건 - &quot;tbl_appointment&quot; 테이블 - 을 위반했습니다&#10;  Detail: (patient_guardian_id)=(1) 키가 &quot;tbl_appointment&quot; 테이블에서 여전히 참조됩니다.] [delete from tbl_patient_guardian where patient_guardian_id=?]; SQL [delete from tbl_patient_guardian where patient_guardian_id=?]; constraint [null]" type="org.springframework.dao.DataIntegrityViolationException">org.springframework.dao.DataIntegrityViolationException: could not execute statement [오류: &quot;tbl_patient_guardian&quot; 테이블의 자료 갱신, 삭제 작업이 &quot;fk6pdhcoqjbodmx3krkc6apt59e&quot; 참조키(foreign key) 제약 조건 - &quot;tbl_appointment&quot; 테이블 - 을 위반했습니다
  Detail: (patient_guardian_id)=(1) 키가 &quot;tbl_appointment&quot; 테이블에서 여전히 참조됩니다.] [delete from tbl_patient_guardian where patient_guardian_id=?]; SQL [delete from tbl_patient_guardian where patient_guardian_id=?]; constraint [null]
	at app//org.springframework.orm.jpa.vendor.HibernateJpaDialect.convertHibernateAccessException(HibernateJpaDialect.java:294)
	at app//org.springframework.orm.jpa.vendor.HibernateJpaDialect.convertHibernateAccessException(HibernateJpaDialect.java:256)
	at app//org.springframework.orm.jpa.vendor.HibernateJpaDialect.translateExceptionIfPossible(HibernateJpaDialect.java:241)
	at app//org.springframework.orm.jpa.JpaTransactionManager.doCommit(JpaTransactionManager.java:566)
	at app//org.springframework.transaction.support.AbstractPlatformTransactionManager.processCommit(AbstractPlatformTransactionManager.java:795)
	at app//org.springframework.transaction.support.AbstractPlatformTransactionManager.commit(AbstractPlatformTransactionManager.java:758)
	at app//org.springframework.transaction.interceptor.TransactionAspectSupport.commitTransactionAfterReturning(TransactionAspectSupport.java:698)
	at app//org.springframework.transaction.interceptor.TransactionAspectSupport.invokeWithinTransaction(TransactionAspectSupport.java:416)
	at app//org.springframework.transaction.interceptor.TransactionInterceptor.invoke(TransactionInterceptor.java:119)
	at app//org.springframework.aop.framework.ReflectiveMethodInvocation.proceed(ReflectiveMethodInvocation.java:184)
	at app//org.springframework.dao.support.PersistenceExceptionTranslationInterceptor.invoke(PersistenceExceptionTranslationInterceptor.java:138)
	at app//org.springframework.aop.framework.ReflectiveMethodInvocation.proceed(ReflectiveMethodInvocation.java:184)
	at app//org.springframework.data.jpa.repository.support.CrudMethodMetadataPostProcessor$CrudMethodMetadataPopulatingMethodInterceptor.invoke(CrudMethodMetadataPostProcessor.java:165)
	at app//org.springframework.aop.framework.ReflectiveMethodInvocation.proceed(ReflectiveMethodInvocation.java:184)
	at app//org.springframework.aop.framework.JdkDynamicAopProxy.invoke(JdkDynamicAopProxy.java:223)
	at app/jdk.proxy3/jdk.proxy3.$Proxy182.deleteAll(Unknown Source)
	at app//com.ssginc8.docto.medication.controller.MedicationControllerTest.setUp(MedicationControllerTest.java:83)
	at java.base@17.0.14/java.lang.reflect.Method.invoke(Method.java:569)
	at java.base@17.0.14/java.util.ArrayList.forEach(ArrayList.java:1511)
	at java.base@17.0.14/java.util.ArrayList.forEach(ArrayList.java:1511)
Caused by: org.hibernate.exception.ConstraintViolationException: could not execute statement [오류: &quot;tbl_patient_guardian&quot; 테이블의 자료 갱신, 삭제 작업이 &quot;fk6pdhcoqjbodmx3krkc6apt59e&quot; 참조키(foreign key) 제약 조건 - &quot;tbl_appointment&quot; 테이블 - 을 위반했습니다
  Detail: (patient_guardian_id)=(1) 키가 &quot;tbl_appointment&quot; 테이블에서 여전히 참조됩니다.] [delete from tbl_patient_guardian where patient_guardian_id=?]
	at app//org.hibernate.exception.internal.SQLStateConversionDelegate.convert(SQLStateConversionDelegate.java:97)
	at app//org.hibernate.exception.internal.StandardSQLExceptionConverter.convert(StandardSQLExceptionConverter.java:58)
	at app//org.hibernate.engine.jdbc.spi.SqlExceptionHelper.convert(SqlExceptionHelper.java:108)
	at app//org.hibernate.engine.jdbc.internal.ResultSetReturnImpl.executeUpdate(ResultSetReturnImpl.java:197)
	at app//org.hibernate.engine.jdbc.mutation.internal.AbstractMutationExecutor.performNonBatchedMutation(AbstractMutationExecutor.java:134)
	at app//org.hibernate.engine.jdbc.mutation.internal.MutationExecutorSingleNonBatched.performNonBatchedOperations(MutationExecutorSingleNonBatched.java:55)
	at app//org.hibernate.engine.jdbc.mutation.internal.AbstractMutationExecutor.execute(AbstractMutationExecutor.java:55)
	at app//org.hibernate.persister.entity.mutation.AbstractDeleteCoordinator.doStaticDelete(AbstractDeleteCoordinator.java:279)
	at app//org.hibernate.persister.entity.mutation.AbstractDeleteCoordinator.delete(AbstractDeleteCoordinator.java:87)
	at app//org.hibernate.action.internal.EntityDeleteAction.execute(EntityDeleteAction.java:131)
	at app//org.hibernate.engine.spi.ActionQueue.executeActions(ActionQueue.java:644)
	at app//org.hibernate.engine.spi.ActionQueue.executeActions(ActionQueue.java:511)
	at app//org.hibernate.event.internal.AbstractFlushingEventListener.performExecutions(AbstractFlushingEventListener.java:414)
	at app//org.hibernate.event.internal.DefaultFlushEventListener.onFlush(DefaultFlushEventListener.java:41)
	at app//org.hibernate.event.service.internal.EventListenerGroupImpl.fireEventOnEachListener(EventListenerGroupImpl.java:127)
	at app//org.hibernate.internal.SessionImpl.doFlush(SessionImpl.java:1429)
	at app//org.hibernate.internal.SessionImpl.managedFlush(SessionImpl.java:491)
	at app//org.hibernate.internal.SessionImpl.flushBeforeTransactionCompletion(SessionImpl.java:2354)
	at app//org.hibernate.internal.SessionImpl.beforeTransactionCompletion(SessionImpl.java:1978)
	at app//org.hibernate.engine.jdbc.internal.JdbcCoordinatorImpl.beforeTransactionCompletion(JdbcCoordinatorImpl.java:439)
	at app//org.hibernate.resource.transaction.backend.jdbc.internal.JdbcResourceLocalTransactionCoordinatorImpl.beforeCompletionCallback(JdbcResourceLocalTransactionCoordinatorImpl.java:169)
	at app//org.hibernate.resource.transaction.backend.jdbc.internal.JdbcResourceLocalTransactionCoordinatorImpl$TransactionDriverControlImpl.commit(JdbcResourceLocalTransactionCoordinatorImpl.java:267)
	at app//org.hibernate.engine.transaction.internal.TransactionImpl.commit(TransactionImpl.java:101)
	at app//org.springframework.orm.jpa.JpaTransactionManager.doCommit(JpaTransactionManager.java:562)
	... 16 more
Caused by: org.postgresql.util.PSQLException: 오류: &quot;tbl_patient_guardian&quot; 테이블의 자료 갱신, 삭제 작업이 &quot;fk6pdhcoqjbodmx3krkc6apt59e&quot; 참조키(foreign key) 제약 조건 - &quot;tbl_appointment&quot; 테이블 - 을 위반했습니다
  Detail: (patient_guardian_id)=(1) 키가 &quot;tbl_appointment&quot; 테이블에서 여전히 참조됩니다.
	at app//org.postgresql.core.v3.QueryExecutorImpl.receiveErrorResponse(QueryExecutorImpl.java:2733)
	at app//org.postgresql.core.v3.QueryExecutorImpl.processResults(QueryExecutorImpl.java:2420)
	at app//org.postgresql.core.v3.QueryExecutorImpl.execute(QueryExecutorImpl.java:372)
	at app//org.postgresql.jdbc.PgStatement.executeInternal(PgStatement.java:517)
	at app//org.postgresql.jdbc.PgStatement.execute(PgStatement.java:434)
	at app//org.postgresql.jdbc.PgPreparedStatement.executeWithFlags(PgPreparedStatement.java:194)
	at app//org.postgresql.jdbc.PgPreparedStatement.executeUpdate(PgPreparedStatement.java:155)
	at app//com.zaxxer.hikari.pool.ProxyPreparedStatement.executeUpdate(ProxyPreparedStatement.java:61)
	at app//com.zaxxer.hikari.pool.HikariProxyPreparedStatement.executeUpdate(HikariProxyPreparedStatement.java)
	at app//org.hibernate.engine.jdbc.internal.ResultSetReturnImpl.executeUpdate(ResultSetReturnImpl.java:194)
	... 36 more
</failure>
  </testcase>
  <testcase name="복약 시간 수정" classname="com.ssginc8.docto.medication.controller.MedicationControllerTest" time="0.02">
    <failure message="org.springframework.dao.DataIntegrityViolationException: could not execute statement [오류: &quot;tbl_patient_guardian&quot; 테이블의 자료 갱신, 삭제 작업이 &quot;fk6pdhcoqjbodmx3krkc6apt59e&quot; 참조키(foreign key) 제약 조건 - &quot;tbl_appointment&quot; 테이블 - 을 위반했습니다&#10;  Detail: (patient_guardian_id)=(1) 키가 &quot;tbl_appointment&quot; 테이블에서 여전히 참조됩니다.] [delete from tbl_patient_guardian where patient_guardian_id=?]; SQL [delete from tbl_patient_guardian where patient_guardian_id=?]; constraint [null]" type="org.springframework.dao.DataIntegrityViolationException">org.springframework.dao.DataIntegrityViolationException: could not execute statement [오류: &quot;tbl_patient_guardian&quot; 테이블의 자료 갱신, 삭제 작업이 &quot;fk6pdhcoqjbodmx3krkc6apt59e&quot; 참조키(foreign key) 제약 조건 - &quot;tbl_appointment&quot; 테이블 - 을 위반했습니다
  Detail: (patient_guardian_id)=(1) 키가 &quot;tbl_appointment&quot; 테이블에서 여전히 참조됩니다.] [delete from tbl_patient_guardian where patient_guardian_id=?]; SQL [delete from tbl_patient_guardian where patient_guardian_id=?]; constraint [null]
	at app//org.springframework.orm.jpa.vendor.HibernateJpaDialect.convertHibernateAccessException(HibernateJpaDialect.java:294)
	at app//org.springframework.orm.jpa.vendor.HibernateJpaDialect.convertHibernateAccessException(HibernateJpaDialect.java:256)
	at app//org.springframework.orm.jpa.vendor.HibernateJpaDialect.translateExceptionIfPossible(HibernateJpaDialect.java:241)
	at app//org.springframework.orm.jpa.JpaTransactionManager.doCommit(JpaTransactionManager.java:566)
	at app//org.springframework.transaction.support.AbstractPlatformTransactionManager.processCommit(AbstractPlatformTransactionManager.java:795)
	at app//org.springframework.transaction.support.AbstractPlatformTransactionManager.commit(AbstractPlatformTransactionManager.java:758)
	at app//org.springframework.transaction.interceptor.TransactionAspectSupport.commitTransactionAfterReturning(TransactionAspectSupport.java:698)
	at app//org.springframework.transaction.interceptor.TransactionAspectSupport.invokeWithinTransaction(TransactionAspectSupport.java:416)
	at app//org.springframework.transaction.interceptor.TransactionInterceptor.invoke(TransactionInterceptor.java:119)
	at app//org.springframework.aop.framework.ReflectiveMethodInvocation.proceed(ReflectiveMethodInvocation.java:184)
	at app//org.springframework.dao.support.PersistenceExceptionTranslationInterceptor.invoke(PersistenceExceptionTranslationInterceptor.java:138)
	at app//org.springframework.aop.framework.ReflectiveMethodInvocation.proceed(ReflectiveMethodInvocation.java:184)
	at app//org.springframework.data.jpa.repository.support.CrudMethodMetadataPostProcessor$CrudMethodMetadataPopulatingMethodInterceptor.invoke(CrudMethodMetadataPostProcessor.java:165)
	at app//org.springframework.aop.framework.ReflectiveMethodInvocation.proceed(ReflectiveMethodInvocation.java:184)
	at app//org.springframework.aop.framework.JdkDynamicAopProxy.invoke(JdkDynamicAopProxy.java:223)
	at app/jdk.proxy3/jdk.proxy3.$Proxy182.deleteAll(Unknown Source)
	at app//com.ssginc8.docto.medication.controller.MedicationControllerTest.setUp(MedicationControllerTest.java:83)
	at java.base@17.0.14/java.lang.reflect.Method.invoke(Method.java:569)
	at java.base@17.0.14/java.util.ArrayList.forEach(ArrayList.java:1511)
	at java.base@17.0.14/java.util.ArrayList.forEach(ArrayList.java:1511)
Caused by: org.hibernate.exception.ConstraintViolationException: could not execute statement [오류: &quot;tbl_patient_guardian&quot; 테이블의 자료 갱신, 삭제 작업이 &quot;fk6pdhcoqjbodmx3krkc6apt59e&quot; 참조키(foreign key) 제약 조건 - &quot;tbl_appointment&quot; 테이블 - 을 위반했습니다
  Detail: (patient_guardian_id)=(1) 키가 &quot;tbl_appointment&quot; 테이블에서 여전히 참조됩니다.] [delete from tbl_patient_guardian where patient_guardian_id=?]
	at app//org.hibernate.exception.internal.SQLStateConversionDelegate.convert(SQLStateConversionDelegate.java:97)
	at app//org.hibernate.exception.internal.StandardSQLExceptionConverter.convert(StandardSQLExceptionConverter.java:58)
	at app//org.hibernate.engine.jdbc.spi.SqlExceptionHelper.convert(SqlExceptionHelper.java:108)
	at app//org.hibernate.engine.jdbc.internal.ResultSetReturnImpl.executeUpdate(ResultSetReturnImpl.java:197)
	at app//org.hibernate.engine.jdbc.mutation.internal.AbstractMutationExecutor.performNonBatchedMutation(AbstractMutationExecutor.java:134)
	at app//org.hibernate.engine.jdbc.mutation.internal.MutationExecutorSingleNonBatched.performNonBatchedOperations(MutationExecutorSingleNonBatched.java:55)
	at app//org.hibernate.engine.jdbc.mutation.internal.AbstractMutationExecutor.execute(AbstractMutationExecutor.java:55)
	at app//org.hibernate.persister.entity.mutation.AbstractDeleteCoordinator.doStaticDelete(AbstractDeleteCoordinator.java:279)
	at app//org.hibernate.persister.entity.mutation.AbstractDeleteCoordinator.delete(AbstractDeleteCoordinator.java:87)
	at app//org.hibernate.action.internal.EntityDeleteAction.execute(EntityDeleteAction.java:131)
	at app//org.hibernate.engine.spi.ActionQueue.executeActions(ActionQueue.java:644)
	at app//org.hibernate.engine.spi.ActionQueue.executeActions(ActionQueue.java:511)
	at app//org.hibernate.event.internal.AbstractFlushingEventListener.performExecutions(AbstractFlushingEventListener.java:414)
	at app//org.hibernate.event.internal.DefaultFlushEventListener.onFlush(DefaultFlushEventListener.java:41)
	at app//org.hibernate.event.service.internal.EventListenerGroupImpl.fireEventOnEachListener(EventListenerGroupImpl.java:127)
	at app//org.hibernate.internal.SessionImpl.doFlush(SessionImpl.java:1429)
	at app//org.hibernate.internal.SessionImpl.managedFlush(SessionImpl.java:491)
	at app//org.hibernate.internal.SessionImpl.flushBeforeTransactionCompletion(SessionImpl.java:2354)
	at app//org.hibernate.internal.SessionImpl.beforeTransactionCompletion(SessionImpl.java:1978)
	at app//org.hibernate.engine.jdbc.internal.JdbcCoordinatorImpl.beforeTransactionCompletion(JdbcCoordinatorImpl.java:439)
	at app//org.hibernate.resource.transaction.backend.jdbc.internal.JdbcResourceLocalTransactionCoordinatorImpl.beforeCompletionCallback(JdbcResourceLocalTransactionCoordinatorImpl.java:169)
	at app//org.hibernate.resource.transaction.backend.jdbc.internal.JdbcResourceLocalTransactionCoordinatorImpl$TransactionDriverControlImpl.commit(JdbcResourceLocalTransactionCoordinatorImpl.java:267)
	at app//org.hibernate.engine.transaction.internal.TransactionImpl.commit(TransactionImpl.java:101)
	at app//org.springframework.orm.jpa.JpaTransactionManager.doCommit(JpaTransactionManager.java:562)
	... 16 more
Caused by: org.postgresql.util.PSQLException: 오류: &quot;tbl_patient_guardian&quot; 테이블의 자료 갱신, 삭제 작업이 &quot;fk6pdhcoqjbodmx3krkc6apt59e&quot; 참조키(foreign key) 제약 조건 - &quot;tbl_appointment&quot; 테이블 - 을 위반했습니다
  Detail: (patient_guardian_id)=(1) 키가 &quot;tbl_appointment&quot; 테이블에서 여전히 참조됩니다.
	at app//org.postgresql.core.v3.QueryExecutorImpl.receiveErrorResponse(QueryExecutorImpl.java:2733)
	at app//org.postgresql.core.v3.QueryExecutorImpl.processResults(QueryExecutorImpl.java:2420)
	at app//org.postgresql.core.v3.QueryExecutorImpl.execute(QueryExecutorImpl.java:372)
	at app//org.postgresql.jdbc.PgStatement.executeInternal(PgStatement.java:517)
	at app//org.postgresql.jdbc.PgStatement.execute(PgStatement.java:434)
	at app//org.postgresql.jdbc.PgPreparedStatement.executeWithFlags(PgPreparedStatement.java:194)
	at app//org.postgresql.jdbc.PgPreparedStatement.executeUpdate(PgPreparedStatement.java:155)
	at app//com.zaxxer.hikari.pool.ProxyPreparedStatement.executeUpdate(ProxyPreparedStatement.java:61)
	at app//com.zaxxer.hikari.pool.HikariProxyPreparedStatement.executeUpdate(HikariProxyPreparedStatement.java)
	at app//org.hibernate.engine.jdbc.internal.ResultSetReturnImpl.executeUpdate(ResultSetReturnImpl.java:194)
	... 36 more
</failure>
  </testcase>
  <testcase name="복약 스케줄 삭제" classname="com.ssginc8.docto.medication.controller.MedicationControllerTest" time="0.021">
    <failure message="org.springframework.dao.DataIntegrityViolationException: could not execute statement [오류: &quot;tbl_patient_guardian&quot; 테이블의 자료 갱신, 삭제 작업이 &quot;fk6pdhcoqjbodmx3krkc6apt59e&quot; 참조키(foreign key) 제약 조건 - &quot;tbl_appointment&quot; 테이블 - 을 위반했습니다&#10;  Detail: (patient_guardian_id)=(1) 키가 &quot;tbl_appointment&quot; 테이블에서 여전히 참조됩니다.] [delete from tbl_patient_guardian where patient_guardian_id=?]; SQL [delete from tbl_patient_guardian where patient_guardian_id=?]; constraint [null]" type="org.springframework.dao.DataIntegrityViolationException">org.springframework.dao.DataIntegrityViolationException: could not execute statement [오류: &quot;tbl_patient_guardian&quot; 테이블의 자료 갱신, 삭제 작업이 &quot;fk6pdhcoqjbodmx3krkc6apt59e&quot; 참조키(foreign key) 제약 조건 - &quot;tbl_appointment&quot; 테이블 - 을 위반했습니다
  Detail: (patient_guardian_id)=(1) 키가 &quot;tbl_appointment&quot; 테이블에서 여전히 참조됩니다.] [delete from tbl_patient_guardian where patient_guardian_id=?]; SQL [delete from tbl_patient_guardian where patient_guardian_id=?]; constraint [null]
	at app//org.springframework.orm.jpa.vendor.HibernateJpaDialect.convertHibernateAccessException(HibernateJpaDialect.java:294)
	at app//org.springframework.orm.jpa.vendor.HibernateJpaDialect.convertHibernateAccessException(HibernateJpaDialect.java:256)
	at app//org.springframework.orm.jpa.vendor.HibernateJpaDialect.translateExceptionIfPossible(HibernateJpaDialect.java:241)
	at app//org.springframework.orm.jpa.JpaTransactionManager.doCommit(JpaTransactionManager.java:566)
	at app//org.springframework.transaction.support.AbstractPlatformTransactionManager.processCommit(AbstractPlatformTransactionManager.java:795)
	at app//org.springframework.transaction.support.AbstractPlatformTransactionManager.commit(AbstractPlatformTransactionManager.java:758)
	at app//org.springframework.transaction.interceptor.TransactionAspectSupport.commitTransactionAfterReturning(TransactionAspectSupport.java:698)
	at app//org.springframework.transaction.interceptor.TransactionAspectSupport.invokeWithinTransaction(TransactionAspectSupport.java:416)
	at app//org.springframework.transaction.interceptor.TransactionInterceptor.invoke(TransactionInterceptor.java:119)
	at app//org.springframework.aop.framework.ReflectiveMethodInvocation.proceed(ReflectiveMethodInvocation.java:184)
	at app//org.springframework.dao.support.PersistenceExceptionTranslationInterceptor.invoke(PersistenceExceptionTranslationInterceptor.java:138)
	at app//org.springframework.aop.framework.ReflectiveMethodInvocation.proceed(ReflectiveMethodInvocation.java:184)
	at app//org.springframework.data.jpa.repository.support.CrudMethodMetadataPostProcessor$CrudMethodMetadataPopulatingMethodInterceptor.invoke(CrudMethodMetadataPostProcessor.java:165)
	at app//org.springframework.aop.framework.ReflectiveMethodInvocation.proceed(ReflectiveMethodInvocation.java:184)
	at app//org.springframework.aop.framework.JdkDynamicAopProxy.invoke(JdkDynamicAopProxy.java:223)
	at app/jdk.proxy3/jdk.proxy3.$Proxy182.deleteAll(Unknown Source)
	at app//com.ssginc8.docto.medication.controller.MedicationControllerTest.setUp(MedicationControllerTest.java:83)
	at java.base@17.0.14/java.lang.reflect.Method.invoke(Method.java:569)
	at java.base@17.0.14/java.util.ArrayList.forEach(ArrayList.java:1511)
	at java.base@17.0.14/java.util.ArrayList.forEach(ArrayList.java:1511)
Caused by: org.hibernate.exception.ConstraintViolationException: could not execute statement [오류: &quot;tbl_patient_guardian&quot; 테이블의 자료 갱신, 삭제 작업이 &quot;fk6pdhcoqjbodmx3krkc6apt59e&quot; 참조키(foreign key) 제약 조건 - &quot;tbl_appointment&quot; 테이블 - 을 위반했습니다
  Detail: (patient_guardian_id)=(1) 키가 &quot;tbl_appointment&quot; 테이블에서 여전히 참조됩니다.] [delete from tbl_patient_guardian where patient_guardian_id=?]
	at app//org.hibernate.exception.internal.SQLStateConversionDelegate.convert(SQLStateConversionDelegate.java:97)
	at app//org.hibernate.exception.internal.StandardSQLExceptionConverter.convert(StandardSQLExceptionConverter.java:58)
	at app//org.hibernate.engine.jdbc.spi.SqlExceptionHelper.convert(SqlExceptionHelper.java:108)
	at app//org.hibernate.engine.jdbc.internal.ResultSetReturnImpl.executeUpdate(ResultSetReturnImpl.java:197)
	at app//org.hibernate.engine.jdbc.mutation.internal.AbstractMutationExecutor.performNonBatchedMutation(AbstractMutationExecutor.java:134)
	at app//org.hibernate.engine.jdbc.mutation.internal.MutationExecutorSingleNonBatched.performNonBatchedOperations(MutationExecutorSingleNonBatched.java:55)
	at app//org.hibernate.engine.jdbc.mutation.internal.AbstractMutationExecutor.execute(AbstractMutationExecutor.java:55)
	at app//org.hibernate.persister.entity.mutation.AbstractDeleteCoordinator.doStaticDelete(AbstractDeleteCoordinator.java:279)
	at app//org.hibernate.persister.entity.mutation.AbstractDeleteCoordinator.delete(AbstractDeleteCoordinator.java:87)
	at app//org.hibernate.action.internal.EntityDeleteAction.execute(EntityDeleteAction.java:131)
	at app//org.hibernate.engine.spi.ActionQueue.executeActions(ActionQueue.java:644)
	at app//org.hibernate.engine.spi.ActionQueue.executeActions(ActionQueue.java:511)
	at app//org.hibernate.event.internal.AbstractFlushingEventListener.performExecutions(AbstractFlushingEventListener.java:414)
	at app//org.hibernate.event.internal.DefaultFlushEventListener.onFlush(DefaultFlushEventListener.java:41)
	at app//org.hibernate.event.service.internal.EventListenerGroupImpl.fireEventOnEachListener(EventListenerGroupImpl.java:127)
	at app//org.hibernate.internal.SessionImpl.doFlush(SessionImpl.java:1429)
	at app//org.hibernate.internal.SessionImpl.managedFlush(SessionImpl.java:491)
	at app//org.hibernate.internal.SessionImpl.flushBeforeTransactionCompletion(SessionImpl.java:2354)
	at app//org.hibernate.internal.SessionImpl.beforeTransactionCompletion(SessionImpl.java:1978)
	at app//org.hibernate.engine.jdbc.internal.JdbcCoordinatorImpl.beforeTransactionCompletion(JdbcCoordinatorImpl.java:439)
	at app//org.hibernate.resource.transaction.backend.jdbc.internal.JdbcResourceLocalTransactionCoordinatorImpl.beforeCompletionCallback(JdbcResourceLocalTransactionCoordinatorImpl.java:169)
	at app//org.hibernate.resource.transaction.backend.jdbc.internal.JdbcResourceLocalTransactionCoordinatorImpl$TransactionDriverControlImpl.commit(JdbcResourceLocalTransactionCoordinatorImpl.java:267)
	at app//org.hibernate.engine.transaction.internal.TransactionImpl.commit(TransactionImpl.java:101)
	at app//org.springframework.orm.jpa.JpaTransactionManager.doCommit(JpaTransactionManager.java:562)
	... 16 more
Caused by: org.postgresql.util.PSQLException: 오류: &quot;tbl_patient_guardian&quot; 테이블의 자료 갱신, 삭제 작업이 &quot;fk6pdhcoqjbodmx3krkc6apt59e&quot; 참조키(foreign key) 제약 조건 - &quot;tbl_appointment&quot; 테이블 - 을 위반했습니다
  Detail: (patient_guardian_id)=(1) 키가 &quot;tbl_appointment&quot; 테이블에서 여전히 참조됩니다.
	at app//org.postgresql.core.v3.QueryExecutorImpl.receiveErrorResponse(QueryExecutorImpl.java:2733)
	at app//org.postgresql.core.v3.QueryExecutorImpl.processResults(QueryExecutorImpl.java:2420)
	at app//org.postgresql.core.v3.QueryExecutorImpl.execute(QueryExecutorImpl.java:372)
	at app//org.postgresql.jdbc.PgStatement.executeInternal(PgStatement.java:517)
	at app//org.postgresql.jdbc.PgStatement.execute(PgStatement.java:434)
	at app//org.postgresql.jdbc.PgPreparedStatement.executeWithFlags(PgPreparedStatement.java:194)
	at app//org.postgresql.jdbc.PgPreparedStatement.executeUpdate(PgPreparedStatement.java:155)
	at app//com.zaxxer.hikari.pool.ProxyPreparedStatement.executeUpdate(ProxyPreparedStatement.java:61)
	at app//com.zaxxer.hikari.pool.HikariProxyPreparedStatement.executeUpdate(HikariProxyPreparedStatement.java)
	at app//org.hibernate.engine.jdbc.internal.ResultSetReturnImpl.executeUpdate(ResultSetReturnImpl.java:194)
	... 36 more
</failure>
  </testcase>
  <testcase name="복약 로그 조회" classname="com.ssginc8.docto.medication.controller.MedicationControllerTest" time="0.022">
    <failure message="org.springframework.dao.DataIntegrityViolationException: could not execute statement [오류: &quot;tbl_patient_guardian&quot; 테이블의 자료 갱신, 삭제 작업이 &quot;fk6pdhcoqjbodmx3krkc6apt59e&quot; 참조키(foreign key) 제약 조건 - &quot;tbl_appointment&quot; 테이블 - 을 위반했습니다&#10;  Detail: (patient_guardian_id)=(1) 키가 &quot;tbl_appointment&quot; 테이블에서 여전히 참조됩니다.] [delete from tbl_patient_guardian where patient_guardian_id=?]; SQL [delete from tbl_patient_guardian where patient_guardian_id=?]; constraint [null]" type="org.springframework.dao.DataIntegrityViolationException">org.springframework.dao.DataIntegrityViolationException: could not execute statement [오류: &quot;tbl_patient_guardian&quot; 테이블의 자료 갱신, 삭제 작업이 &quot;fk6pdhcoqjbodmx3krkc6apt59e&quot; 참조키(foreign key) 제약 조건 - &quot;tbl_appointment&quot; 테이블 - 을 위반했습니다
  Detail: (patient_guardian_id)=(1) 키가 &quot;tbl_appointment&quot; 테이블에서 여전히 참조됩니다.] [delete from tbl_patient_guardian where patient_guardian_id=?]; SQL [delete from tbl_patient_guardian where patient_guardian_id=?]; constraint [null]
	at app//org.springframework.orm.jpa.vendor.HibernateJpaDialect.convertHibernateAccessException(HibernateJpaDialect.java:294)
	at app//org.springframework.orm.jpa.vendor.HibernateJpaDialect.convertHibernateAccessException(HibernateJpaDialect.java:256)
	at app//org.springframework.orm.jpa.vendor.HibernateJpaDialect.translateExceptionIfPossible(HibernateJpaDialect.java:241)
	at app//org.springframework.orm.jpa.JpaTransactionManager.doCommit(JpaTransactionManager.java:566)
	at app//org.springframework.transaction.support.AbstractPlatformTransactionManager.processCommit(AbstractPlatformTransactionManager.java:795)
	at app//org.springframework.transaction.support.AbstractPlatformTransactionManager.commit(AbstractPlatformTransactionManager.java:758)
	at app//org.springframework.transaction.interceptor.TransactionAspectSupport.commitTransactionAfterReturning(TransactionAspectSupport.java:698)
	at app//org.springframework.transaction.interceptor.TransactionAspectSupport.invokeWithinTransaction(TransactionAspectSupport.java:416)
	at app//org.springframework.transaction.interceptor.TransactionInterceptor.invoke(TransactionInterceptor.java:119)
	at app//org.springframework.aop.framework.ReflectiveMethodInvocation.proceed(ReflectiveMethodInvocation.java:184)
	at app//org.springframework.dao.support.PersistenceExceptionTranslationInterceptor.invoke(PersistenceExceptionTranslationInterceptor.java:138)
	at app//org.springframework.aop.framework.ReflectiveMethodInvocation.proceed(ReflectiveMethodInvocation.java:184)
	at app//org.springframework.data.jpa.repository.support.CrudMethodMetadataPostProcessor$CrudMethodMetadataPopulatingMethodInterceptor.invoke(CrudMethodMetadataPostProcessor.java:165)
	at app//org.springframework.aop.framework.ReflectiveMethodInvocation.proceed(ReflectiveMethodInvocation.java:184)
	at app//org.springframework.aop.framework.JdkDynamicAopProxy.invoke(JdkDynamicAopProxy.java:223)
	at app/jdk.proxy3/jdk.proxy3.$Proxy182.deleteAll(Unknown Source)
	at app//com.ssginc8.docto.medication.controller.MedicationControllerTest.setUp(MedicationControllerTest.java:83)
	at java.base@17.0.14/java.lang.reflect.Method.invoke(Method.java:569)
	at java.base@17.0.14/java.util.ArrayList.forEach(ArrayList.java:1511)
	at java.base@17.0.14/java.util.ArrayList.forEach(ArrayList.java:1511)
Caused by: org.hibernate.exception.ConstraintViolationException: could not execute statement [오류: &quot;tbl_patient_guardian&quot; 테이블의 자료 갱신, 삭제 작업이 &quot;fk6pdhcoqjbodmx3krkc6apt59e&quot; 참조키(foreign key) 제약 조건 - &quot;tbl_appointment&quot; 테이블 - 을 위반했습니다
  Detail: (patient_guardian_id)=(1) 키가 &quot;tbl_appointment&quot; 테이블에서 여전히 참조됩니다.] [delete from tbl_patient_guardian where patient_guardian_id=?]
	at app//org.hibernate.exception.internal.SQLStateConversionDelegate.convert(SQLStateConversionDelegate.java:97)
	at app//org.hibernate.exception.internal.StandardSQLExceptionConverter.convert(StandardSQLExceptionConverter.java:58)
	at app//org.hibernate.engine.jdbc.spi.SqlExceptionHelper.convert(SqlExceptionHelper.java:108)
	at app//org.hibernate.engine.jdbc.internal.ResultSetReturnImpl.executeUpdate(ResultSetReturnImpl.java:197)
	at app//org.hibernate.engine.jdbc.mutation.internal.AbstractMutationExecutor.performNonBatchedMutation(AbstractMutationExecutor.java:134)
	at app//org.hibernate.engine.jdbc.mutation.internal.MutationExecutorSingleNonBatched.performNonBatchedOperations(MutationExecutorSingleNonBatched.java:55)
	at app//org.hibernate.engine.jdbc.mutation.internal.AbstractMutationExecutor.execute(AbstractMutationExecutor.java:55)
	at app//org.hibernate.persister.entity.mutation.AbstractDeleteCoordinator.doStaticDelete(AbstractDeleteCoordinator.java:279)
	at app//org.hibernate.persister.entity.mutation.AbstractDeleteCoordinator.delete(AbstractDeleteCoordinator.java:87)
	at app//org.hibernate.action.internal.EntityDeleteAction.execute(EntityDeleteAction.java:131)
	at app//org.hibernate.engine.spi.ActionQueue.executeActions(ActionQueue.java:644)
	at app//org.hibernate.engine.spi.ActionQueue.executeActions(ActionQueue.java:511)
	at app//org.hibernate.event.internal.AbstractFlushingEventListener.performExecutions(AbstractFlushingEventListener.java:414)
	at app//org.hibernate.event.internal.DefaultFlushEventListener.onFlush(DefaultFlushEventListener.java:41)
	at app//org.hibernate.event.service.internal.EventListenerGroupImpl.fireEventOnEachListener(EventListenerGroupImpl.java:127)
	at app//org.hibernate.internal.SessionImpl.doFlush(SessionImpl.java:1429)
	at app//org.hibernate.internal.SessionImpl.managedFlush(SessionImpl.java:491)
	at app//org.hibernate.internal.SessionImpl.flushBeforeTransactionCompletion(SessionImpl.java:2354)
	at app//org.hibernate.internal.SessionImpl.beforeTransactionCompletion(SessionImpl.java:1978)
	at app//org.hibernate.engine.jdbc.internal.JdbcCoordinatorImpl.beforeTransactionCompletion(JdbcCoordinatorImpl.java:439)
	at app//org.hibernate.resource.transaction.backend.jdbc.internal.JdbcResourceLocalTransactionCoordinatorImpl.beforeCompletionCallback(JdbcResourceLocalTransactionCoordinatorImpl.java:169)
	at app//org.hibernate.resource.transaction.backend.jdbc.internal.JdbcResourceLocalTransactionCoordinatorImpl$TransactionDriverControlImpl.commit(JdbcResourceLocalTransactionCoordinatorImpl.java:267)
	at app//org.hibernate.engine.transaction.internal.TransactionImpl.commit(TransactionImpl.java:101)
	at app//org.springframework.orm.jpa.JpaTransactionManager.doCommit(JpaTransactionManager.java:562)
	... 16 more
Caused by: org.postgresql.util.PSQLException: 오류: &quot;tbl_patient_guardian&quot; 테이블의 자료 갱신, 삭제 작업이 &quot;fk6pdhcoqjbodmx3krkc6apt59e&quot; 참조키(foreign key) 제약 조건 - &quot;tbl_appointment&quot; 테이블 - 을 위반했습니다
  Detail: (patient_guardian_id)=(1) 키가 &quot;tbl_appointment&quot; 테이블에서 여전히 참조됩니다.
	at app//org.postgresql.core.v3.QueryExecutorImpl.receiveErrorResponse(QueryExecutorImpl.java:2733)
	at app//org.postgresql.core.v3.QueryExecutorImpl.processResults(QueryExecutorImpl.java:2420)
	at app//org.postgresql.core.v3.QueryExecutorImpl.execute(QueryExecutorImpl.java:372)
	at app//org.postgresql.jdbc.PgStatement.executeInternal(PgStatement.java:517)
	at app//org.postgresql.jdbc.PgStatement.execute(PgStatement.java:434)
	at app//org.postgresql.jdbc.PgPreparedStatement.executeWithFlags(PgPreparedStatement.java:194)
	at app//org.postgresql.jdbc.PgPreparedStatement.executeUpdate(PgPreparedStatement.java:155)
	at app//com.zaxxer.hikari.pool.ProxyPreparedStatement.executeUpdate(ProxyPreparedStatement.java:61)
	at app//com.zaxxer.hikari.pool.HikariProxyPreparedStatement.executeUpdate(HikariProxyPreparedStatement.java)
	at app//org.hibernate.engine.jdbc.internal.ResultSetReturnImpl.executeUpdate(ResultSetReturnImpl.java:194)
	... 36 more
</failure>
  </testcase>
  <system-out><![CDATA[2025-06-02T16:33:48.265+09:00  INFO 18716 --- [    Test worker] t.c.s.AnnotationConfigContextLoaderUtils : Could not detect default configuration classes for test class [com.ssginc8.docto.medication.controller.MedicationControllerTest]: MedicationControllerTest does not declare any static, non-private, non-final, nested classes annotated with @Configuration.
2025-06-02T16:33:48.307+09:00  INFO 18716 --- [    Test worker] .b.t.c.SpringBootTestContextBootstrapper : Found @SpringBootConfiguration com.ssginc8.docto.DoctoApplication for test class com.ssginc8.docto.medication.controller.MedicationControllerTest
2025-06-02T16:33:48.310+09:00  INFO 18716 --- [    Test worker] o.s.b.t.m.w.SpringBootMockServletContext : Initializing Spring TestDispatcherServlet ''
2025-06-02T16:33:48.310+09:00  INFO 18716 --- [    Test worker] o.s.t.web.servlet.TestDispatcherServlet  : Initializing Servlet ''
2025-06-02T16:33:48.311+09:00  INFO 18716 --- [    Test worker] o.s.t.web.servlet.TestDispatcherServlet  : Completed initialization in 1 ms
Hibernate: 
    select
        ml1_0.medication_log_id,
        ml1_0.created_at,
        ml1_0.deleted_at,
        ml1_0.medication_id,
        ml1_0.medication_alert_time_id,
        ml1_0.status,
        ml1_0.time_to_take,
        ml1_0.updated_at 
    from
        tbl_medication_log ml1_0
Hibernate: 
    select
        mad1_0.medication_alert_day_id,
        mad1_0.created_at,
        mad1_0.day_of_week,
        mad1_0.deleted_at,
        mad1_0.medication_alert_time_id,
        mad1_0.updated_at 
    from
        tbl_medication_alert_day mad1_0
Hibernate: 
    select
        mat1_0.medication_alert_time_id,
        mat1_0.created_at,
        mat1_0.deleted_at,
        mat1_0.medication_id,
        mat1_0.time_to_take,
        mat1_0.updated_at 
    from
        tbl_medication_alert_time mat1_0
Hibernate: 
    select
        mi1_0.medication_id,
        mi1_0.created_at,
        mi1_0.deleted_at,
        mi1_0.medication_name,
        mi1_0.patient_guardian_id,
        mi1_0.updated_at,
        mi1_0.user_id 
    from
        tbl_medication_information mi1_0
Hibernate: 
    select
        pg1_0.patient_guardian_id,
        pg1_0.created_at,
        pg1_0.deleted_at,
        pg1_0.invite_code,
        pg1_0.invited_at,
        pg1_0.patient_id,
        pg1_0.responded_at,
        pg1_0.status,
        pg1_0.updated_at,
        pg1_0.user_id 
    from
        tbl_patient_guardian pg1_0
Hibernate: 
    delete 
    from
        tbl_patient_guardian 
    where
        patient_guardian_id=?
2025-06-02T16:33:48.333+09:00  WARN 18716 --- [    Test worker] o.h.engine.jdbc.spi.SqlExceptionHelper   : SQL Error: 0, SQLState: 23503
2025-06-02T16:33:48.333+09:00 ERROR 18716 --- [    Test worker] o.h.engine.jdbc.spi.SqlExceptionHelper   : 오류: "tbl_patient_guardian" 테이블의 자료 갱신, 삭제 작업이 "fk6pdhcoqjbodmx3krkc6apt59e" 참조키(foreign key) 제약 조건 - "tbl_appointment" 테이블 - 을 위반했습니다
  Detail: (patient_guardian_id)=(1) 키가 "tbl_appointment" 테이블에서 여전히 참조됩니다.
2025-06-02T16:33:48.343+09:00  INFO 18716 --- [    Test worker] o.s.b.t.m.w.SpringBootMockServletContext : Initializing Spring TestDispatcherServlet ''
2025-06-02T16:33:48.343+09:00  INFO 18716 --- [    Test worker] o.s.t.web.servlet.TestDispatcherServlet  : Initializing Servlet ''
2025-06-02T16:33:48.344+09:00  INFO 18716 --- [    Test worker] o.s.t.web.servlet.TestDispatcherServlet  : Completed initialization in 1 ms
Hibernate: 
    select
        ml1_0.medication_log_id,
        ml1_0.created_at,
        ml1_0.deleted_at,
        ml1_0.medication_id,
        ml1_0.medication_alert_time_id,
        ml1_0.status,
        ml1_0.time_to_take,
        ml1_0.updated_at 
    from
        tbl_medication_log ml1_0
Hibernate: 
    select
        mad1_0.medication_alert_day_id,
        mad1_0.created_at,
        mad1_0.day_of_week,
        mad1_0.deleted_at,
        mad1_0.medication_alert_time_id,
        mad1_0.updated_at 
    from
        tbl_medication_alert_day mad1_0
Hibernate: 
    select
        mat1_0.medication_alert_time_id,
        mat1_0.created_at,
        mat1_0.deleted_at,
        mat1_0.medication_id,
        mat1_0.time_to_take,
        mat1_0.updated_at 
    from
        tbl_medication_alert_time mat1_0
Hibernate: 
    select
        mi1_0.medication_id,
        mi1_0.created_at,
        mi1_0.deleted_at,
        mi1_0.medication_name,
        mi1_0.patient_guardian_id,
        mi1_0.updated_at,
        mi1_0.user_id 
    from
        tbl_medication_information mi1_0
Hibernate: 
    select
        pg1_0.patient_guardian_id,
        pg1_0.created_at,
        pg1_0.deleted_at,
        pg1_0.invite_code,
        pg1_0.invited_at,
        pg1_0.patient_id,
        pg1_0.responded_at,
        pg1_0.status,
        pg1_0.updated_at,
        pg1_0.user_id 
    from
        tbl_patient_guardian pg1_0
Hibernate: 
    delete 
    from
        tbl_patient_guardian 
    where
        patient_guardian_id=?
2025-06-02T16:33:48.359+09:00  WARN 18716 --- [    Test worker] o.h.engine.jdbc.spi.SqlExceptionHelper   : SQL Error: 0, SQLState: 23503
2025-06-02T16:33:48.359+09:00 ERROR 18716 --- [    Test worker] o.h.engine.jdbc.spi.SqlExceptionHelper   : 오류: "tbl_patient_guardian" 테이블의 자료 갱신, 삭제 작업이 "fk6pdhcoqjbodmx3krkc6apt59e" 참조키(foreign key) 제약 조건 - "tbl_appointment" 테이블 - 을 위반했습니다
  Detail: (patient_guardian_id)=(1) 키가 "tbl_appointment" 테이블에서 여전히 참조됩니다.
2025-06-02T16:33:48.365+09:00  INFO 18716 --- [    Test worker] o.s.b.t.m.w.SpringBootMockServletContext : Initializing Spring TestDispatcherServlet ''
2025-06-02T16:33:48.365+09:00  INFO 18716 --- [    Test worker] o.s.t.web.servlet.TestDispatcherServlet  : Initializing Servlet ''
2025-06-02T16:33:48.365+09:00  INFO 18716 --- [    Test worker] o.s.t.web.servlet.TestDispatcherServlet  : Completed initialization in 0 ms
Hibernate: 
    select
        ml1_0.medication_log_id,
        ml1_0.created_at,
        ml1_0.deleted_at,
        ml1_0.medication_id,
        ml1_0.medication_alert_time_id,
        ml1_0.status,
        ml1_0.time_to_take,
        ml1_0.updated_at 
    from
        tbl_medication_log ml1_0
Hibernate: 
    select
        mad1_0.medication_alert_day_id,
        mad1_0.created_at,
        mad1_0.day_of_week,
        mad1_0.deleted_at,
        mad1_0.medication_alert_time_id,
        mad1_0.updated_at 
    from
        tbl_medication_alert_day mad1_0
Hibernate: 
    select
        mat1_0.medication_alert_time_id,
        mat1_0.created_at,
        mat1_0.deleted_at,
        mat1_0.medication_id,
        mat1_0.time_to_take,
        mat1_0.updated_at 
    from
        tbl_medication_alert_time mat1_0
Hibernate: 
    select
        mi1_0.medication_id,
        mi1_0.created_at,
        mi1_0.deleted_at,
        mi1_0.medication_name,
        mi1_0.patient_guardian_id,
        mi1_0.updated_at,
        mi1_0.user_id 
    from
        tbl_medication_information mi1_0
Hibernate: 
    select
        pg1_0.patient_guardian_id,
        pg1_0.created_at,
        pg1_0.deleted_at,
        pg1_0.invite_code,
        pg1_0.invited_at,
        pg1_0.patient_id,
        pg1_0.responded_at,
        pg1_0.status,
        pg1_0.updated_at,
        pg1_0.user_id 
    from
        tbl_patient_guardian pg1_0
Hibernate: 
    delete 
    from
        tbl_patient_guardian 
    where
        patient_guardian_id=?
2025-06-02T16:33:48.378+09:00  WARN 18716 --- [    Test worker] o.h.engine.jdbc.spi.SqlExceptionHelper   : SQL Error: 0, SQLState: 23503
2025-06-02T16:33:48.378+09:00 ERROR 18716 --- [    Test worker] o.h.engine.jdbc.spi.SqlExceptionHelper   : 오류: "tbl_patient_guardian" 테이블의 자료 갱신, 삭제 작업이 "fk6pdhcoqjbodmx3krkc6apt59e" 참조키(foreign key) 제약 조건 - "tbl_appointment" 테이블 - 을 위반했습니다
  Detail: (patient_guardian_id)=(1) 키가 "tbl_appointment" 테이블에서 여전히 참조됩니다.
2025-06-02T16:33:48.386+09:00  INFO 18716 --- [    Test worker] o.s.b.t.m.w.SpringBootMockServletContext : Initializing Spring TestDispatcherServlet ''
2025-06-02T16:33:48.386+09:00  INFO 18716 --- [    Test worker] o.s.t.web.servlet.TestDispatcherServlet  : Initializing Servlet ''
2025-06-02T16:33:48.387+09:00  INFO 18716 --- [    Test worker] o.s.t.web.servlet.TestDispatcherServlet  : Completed initialization in 1 ms
Hibernate: 
    select
        ml1_0.medication_log_id,
        ml1_0.created_at,
        ml1_0.deleted_at,
        ml1_0.medication_id,
        ml1_0.medication_alert_time_id,
        ml1_0.status,
        ml1_0.time_to_take,
        ml1_0.updated_at 
    from
        tbl_medication_log ml1_0
Hibernate: 
    select
        mad1_0.medication_alert_day_id,
        mad1_0.created_at,
        mad1_0.day_of_week,
        mad1_0.deleted_at,
        mad1_0.medication_alert_time_id,
        mad1_0.updated_at 
    from
        tbl_medication_alert_day mad1_0
Hibernate: 
    select
        mat1_0.medication_alert_time_id,
        mat1_0.created_at,
        mat1_0.deleted_at,
        mat1_0.medication_id,
        mat1_0.time_to_take,
        mat1_0.updated_at 
    from
        tbl_medication_alert_time mat1_0
Hibernate: 
    select
        mi1_0.medication_id,
        mi1_0.created_at,
        mi1_0.deleted_at,
        mi1_0.medication_name,
        mi1_0.patient_guardian_id,
        mi1_0.updated_at,
        mi1_0.user_id 
    from
        tbl_medication_information mi1_0
Hibernate: 
    select
        pg1_0.patient_guardian_id,
        pg1_0.created_at,
        pg1_0.deleted_at,
        pg1_0.invite_code,
        pg1_0.invited_at,
        pg1_0.patient_id,
        pg1_0.responded_at,
        pg1_0.status,
        pg1_0.updated_at,
        pg1_0.user_id 
    from
        tbl_patient_guardian pg1_0
Hibernate: 
    delete 
    from
        tbl_patient_guardian 
    where
        patient_guardian_id=?
2025-06-02T16:33:48.401+09:00  WARN 18716 --- [    Test worker] o.h.engine.jdbc.spi.SqlExceptionHelper   : SQL Error: 0, SQLState: 23503
2025-06-02T16:33:48.401+09:00 ERROR 18716 --- [    Test worker] o.h.engine.jdbc.spi.SqlExceptionHelper   : 오류: "tbl_patient_guardian" 테이블의 자료 갱신, 삭제 작업이 "fk6pdhcoqjbodmx3krkc6apt59e" 참조키(foreign key) 제약 조건 - "tbl_appointment" 테이블 - 을 위반했습니다
  Detail: (patient_guardian_id)=(1) 키가 "tbl_appointment" 테이블에서 여전히 참조됩니다.
2025-06-02T16:33:48.414+09:00  INFO 18716 --- [    Test worker] o.s.b.t.m.w.SpringBootMockServletContext : Initializing Spring TestDispatcherServlet ''
2025-06-02T16:33:48.414+09:00  INFO 18716 --- [    Test worker] o.s.t.web.servlet.TestDispatcherServlet  : Initializing Servlet ''
2025-06-02T16:33:48.414+09:00  INFO 18716 --- [    Test worker] o.s.t.web.servlet.TestDispatcherServlet  : Completed initialization in 0 ms
Hibernate: 
    select
        ml1_0.medication_log_id,
        ml1_0.created_at,
        ml1_0.deleted_at,
        ml1_0.medication_id,
        ml1_0.medication_alert_time_id,
        ml1_0.status,
        ml1_0.time_to_take,
        ml1_0.updated_at 
    from
        tbl_medication_log ml1_0
Hibernate: 
    select
        mad1_0.medication_alert_day_id,
        mad1_0.created_at,
        mad1_0.day_of_week,
        mad1_0.deleted_at,
        mad1_0.medication_alert_time_id,
        mad1_0.updated_at 
    from
        tbl_medication_alert_day mad1_0
Hibernate: 
    select
        mat1_0.medication_alert_time_id,
        mat1_0.created_at,
        mat1_0.deleted_at,
        mat1_0.medication_id,
        mat1_0.time_to_take,
        mat1_0.updated_at 
    from
        tbl_medication_alert_time mat1_0
Hibernate: 
    select
        mi1_0.medication_id,
        mi1_0.created_at,
        mi1_0.deleted_at,
        mi1_0.medication_name,
        mi1_0.patient_guardian_id,
        mi1_0.updated_at,
        mi1_0.user_id 
    from
        tbl_medication_information mi1_0
Hibernate: 
    select
        pg1_0.patient_guardian_id,
        pg1_0.created_at,
        pg1_0.deleted_at,
        pg1_0.invite_code,
        pg1_0.invited_at,
        pg1_0.patient_id,
        pg1_0.responded_at,
        pg1_0.status,
        pg1_0.updated_at,
        pg1_0.user_id 
    from
        tbl_patient_guardian pg1_0
Hibernate: 
    delete 
    from
        tbl_patient_guardian 
    where
        patient_guardian_id=?
2025-06-02T16:33:48.424+09:00  WARN 18716 --- [    Test worker] o.h.engine.jdbc.spi.SqlExceptionHelper   : SQL Error: 0, SQLState: 23503
2025-06-02T16:33:48.424+09:00 ERROR 18716 --- [    Test worker] o.h.engine.jdbc.spi.SqlExceptionHelper   : 오류: "tbl_patient_guardian" 테이블의 자료 갱신, 삭제 작업이 "fk6pdhcoqjbodmx3krkc6apt59e" 참조키(foreign key) 제약 조건 - "tbl_appointment" 테이블 - 을 위반했습니다
  Detail: (patient_guardian_id)=(1) 키가 "tbl_appointment" 테이블에서 여전히 참조됩니다.
]]></system-out>
  <system-err><![CDATA[]]></system-err>
</testsuite>
