<?xml version="1.0" encoding="UTF-8"?>
<testsuite name="com.ssginc8.docto.appointment.controller.AppointmentControllerTest" tests="1" skipped="0" failures="1" errors="0" timestamp="2025-06-01T07:21:47.601Z" hostname="SOOMIN" time="1.417">
  <properties/>
  <testcase name="내 예약 리스트 조회" classname="com.ssginc8.docto.appointment.controller.AppointmentControllerTest" time="1.417">
    <failure message="java.lang.AssertionError: Status expected:&lt;200&gt; but was:&lt;500&gt;" type="java.lang.AssertionError">java.lang.AssertionError: Status expected:&lt;200&gt; but was:&lt;500&gt;
	at org.springframework.test.util.AssertionErrors.fail(AssertionErrors.java:61)
	at org.springframework.test.util.AssertionErrors.assertEquals(AssertionErrors.java:128)
	at org.springframework.test.web.servlet.result.StatusResultMatchers.lambda$matcher$9(StatusResultMatchers.java:640)
	at org.springframework.test.web.servlet.MockMvc$1.andExpect(MockMvc.java:214)
	at com.ssginc8.docto.appointment.controller.AppointmentControllerTest.getMyAppointmentList(AppointmentControllerTest.java:192)
	at java.base/java.lang.reflect.Method.invoke(Method.java:569)
	at java.base/java.util.ArrayList.forEach(ArrayList.java:1511)
	at java.base/java.util.ArrayList.forEach(ArrayList.java:1511)
</failure>
  </testcase>
  <system-out><![CDATA[Standard Commons Logging discovery in action with spring-jcl: please remove commons-logging.jar from classpath in order to avoid potential conflicts
16:21:29.655 [Test worker] INFO org.springframework.test.context.support.AnnotationConfigContextLoaderUtils -- Could not detect default configuration classes for test class [com.ssginc8.docto.appointment.controller.AppointmentControllerTest]: AppointmentControllerTest does not declare any static, non-private, non-final, nested classes annotated with @Configuration.
16:21:29.922 [Test worker] INFO org.springframework.boot.test.context.SpringBootTestContextBootstrapper -- Found @SpringBootConfiguration com.ssginc8.docto.DoctoApplication for test class com.ssginc8.docto.appointment.controller.AppointmentControllerTest

  .   ____          _            __ _ _
 /\\ / ___'_ __ _ _(_)_ __  __ _ \ \ \ \
( ( )\___ | '_ | '_| | '_ \/ _` | \ \ \ \
 \\/  ___)| |_)| | | | | || (_| |  ) ) ) )
  '  |____| .__|_| |_|_| |_\__, | / / / /
 =========|_|==============|___/=/_/_/_/

 :: Spring Boot ::                (v3.4.5)

2025-06-01T16:21:30.763+09:00  INFO 6832 --- [    Test worker] c.s.d.a.c.AppointmentControllerTest      : Starting AppointmentControllerTest using Java 17.0.14 with PID 6832 (started by o3o_1 in C:\Spharos Academy\docto-back-cs)
2025-06-01T16:21:30.764+09:00 DEBUG 6832 --- [    Test worker] c.s.d.a.c.AppointmentControllerTest      : Running with Spring Boot v3.4.5, Spring v6.2.6
2025-06-01T16:21:30.765+09:00  INFO 6832 --- [    Test worker] c.s.d.a.c.AppointmentControllerTest      : The following 1 profile is active: "prod"
2025-06-01T16:21:32.764+09:00  INFO 6832 --- [    Test worker] .s.d.r.c.RepositoryConfigurationDelegate : Multiple Spring Data modules found, entering strict repository configuration mode
2025-06-01T16:21:32.767+09:00  INFO 6832 --- [    Test worker] .s.d.r.c.RepositoryConfigurationDelegate : Bootstrapping Spring Data JPA repositories in DEFAULT mode.
2025-06-01T16:21:33.248+09:00  INFO 6832 --- [    Test worker] .s.d.r.c.RepositoryConfigurationDelegate : Finished Spring Data repository scanning in 466 ms. Found 18 JPA repository interfaces.
2025-06-01T16:21:33.280+09:00  INFO 6832 --- [    Test worker] .s.d.r.c.RepositoryConfigurationDelegate : Multiple Spring Data modules found, entering strict repository configuration mode
2025-06-01T16:21:33.282+09:00  INFO 6832 --- [    Test worker] .s.d.r.c.RepositoryConfigurationDelegate : Bootstrapping Spring Data Redis repositories in DEFAULT mode.
2025-06-01T16:21:33.355+09:00  INFO 6832 --- [    Test worker] .RepositoryConfigurationExtensionSupport : Spring Data Redis - Could not safely identify store assignment for repository candidate interface com.ssginc8.docto.appointment.repo.AppointmentRepo; If you want this repository to be a Redis repository, consider annotating your entities with one of these annotations: org.springframework.data.redis.core.RedisHash (preferred), or consider extending one of the following types with your repository: org.springframework.data.keyvalue.repository.KeyValueRepository
2025-06-01T16:21:33.355+09:00  INFO 6832 --- [    Test worker] .RepositoryConfigurationExtensionSupport : Spring Data Redis - Could not safely identify store assignment for repository candidate interface com.ssginc8.docto.auth.jwt.repository.RefreshTokenRepo; If you want this repository to be a Redis repository, consider annotating your entities with one of these annotations: org.springframework.data.redis.core.RedisHash (preferred), or consider extending one of the following types with your repository: org.springframework.data.keyvalue.repository.KeyValueRepository
2025-06-01T16:21:33.357+09:00  INFO 6832 --- [    Test worker] .RepositoryConfigurationExtensionSupport : Spring Data Redis - Could not safely identify store assignment for repository candidate interface com.ssginc8.docto.doctor.repo.DoctorRepo; If you want this repository to be a Redis repository, consider annotating your entities with one of these annotations: org.springframework.data.redis.core.RedisHash (preferred), or consider extending one of the following types with your repository: org.springframework.data.keyvalue.repository.KeyValueRepository
2025-06-01T16:21:33.357+09:00  INFO 6832 --- [    Test worker] .RepositoryConfigurationExtensionSupport : Spring Data Redis - Could not safely identify store assignment for repository candidate interface com.ssginc8.docto.doctor.repo.DoctorScheduleRepo; If you want this repository to be a Redis repository, consider annotating your entities with one of these annotations: org.springframework.data.redis.core.RedisHash (preferred), or consider extending one of the following types with your repository: org.springframework.data.keyvalue.repository.KeyValueRepository
2025-06-01T16:21:33.358+09:00  INFO 6832 --- [    Test worker] .RepositoryConfigurationExtensionSupport : Spring Data Redis - Could not safely identify store assignment for repository candidate interface com.ssginc8.docto.file.repository.FileRepo; If you want this repository to be a Redis repository, consider annotating your entities with one of these annotations: org.springframework.data.redis.core.RedisHash (preferred), or consider extending one of the following types with your repository: org.springframework.data.keyvalue.repository.KeyValueRepository
2025-06-01T16:21:33.358+09:00  INFO 6832 --- [    Test worker] .RepositoryConfigurationExtensionSupport : Spring Data Redis - Could not safely identify store assignment for repository candidate interface com.ssginc8.docto.guardian.repo.PatientGuardianRepo; If you want this repository to be a Redis repository, consider annotating your entities with one of these annotations: org.springframework.data.redis.core.RedisHash (preferred), or consider extending one of the following types with your repository: org.springframework.data.keyvalue.repository.KeyValueRepository
2025-06-01T16:21:33.358+09:00  INFO 6832 --- [    Test worker] .RepositoryConfigurationExtensionSupport : Spring Data Redis - Could not safely identify store assignment for repository candidate interface com.ssginc8.docto.hospital.repo.HospitalRepo; If you want this repository to be a Redis repository, consider annotating your entities with one of these annotations: org.springframework.data.redis.core.RedisHash (preferred), or consider extending one of the following types with your repository: org.springframework.data.keyvalue.repository.KeyValueRepository
2025-06-01T16:21:33.359+09:00  INFO 6832 --- [    Test worker] .RepositoryConfigurationExtensionSupport : Spring Data Redis - Could not safely identify store assignment for repository candidate interface com.ssginc8.docto.hospital.repo.HospitalScheduleRepo; If you want this repository to be a Redis repository, consider annotating your entities with one of these annotations: org.springframework.data.redis.core.RedisHash (preferred), or consider extending one of the following types with your repository: org.springframework.data.keyvalue.repository.KeyValueRepository
2025-06-01T16:21:33.359+09:00  INFO 6832 --- [    Test worker] .RepositoryConfigurationExtensionSupport : Spring Data Redis - Could not safely identify store assignment for repository candidate interface com.ssginc8.docto.hospital.repo.ProvidedServiceRepo; If you want this repository to be a Redis repository, consider annotating your entities with one of these annotations: org.springframework.data.redis.core.RedisHash (preferred), or consider extending one of the following types with your repository: org.springframework.data.keyvalue.repository.KeyValueRepository
2025-06-01T16:21:33.360+09:00  INFO 6832 --- [    Test worker] .RepositoryConfigurationExtensionSupport : Spring Data Redis - Could not safely identify store assignment for repository candidate interface com.ssginc8.docto.medication.repo.MedicationAlertDayRepo; If you want this repository to be a Redis repository, consider annotating your entities with one of these annotations: org.springframework.data.redis.core.RedisHash (preferred), or consider extending one of the following types with your repository: org.springframework.data.keyvalue.repository.KeyValueRepository
2025-06-01T16:21:33.360+09:00  INFO 6832 --- [    Test worker] .RepositoryConfigurationExtensionSupport : Spring Data Redis - Could not safely identify store assignment for repository candidate interface com.ssginc8.docto.medication.repo.MedicationAlertTimeRepo; If you want this repository to be a Redis repository, consider annotating your entities with one of these annotations: org.springframework.data.redis.core.RedisHash (preferred), or consider extending one of the following types with your repository: org.springframework.data.keyvalue.repository.KeyValueRepository
2025-06-01T16:21:33.360+09:00  INFO 6832 --- [    Test worker] .RepositoryConfigurationExtensionSupport : Spring Data Redis - Could not safely identify store assignment for repository candidate interface com.ssginc8.docto.medication.repo.MedicationInformationRepo; If you want this repository to be a Redis repository, consider annotating your entities with one of these annotations: org.springframework.data.redis.core.RedisHash (preferred), or consider extending one of the following types with your repository: org.springframework.data.keyvalue.repository.KeyValueRepository
2025-06-01T16:21:33.360+09:00  INFO 6832 --- [    Test worker] .RepositoryConfigurationExtensionSupport : Spring Data Redis - Could not safely identify store assignment for repository candidate interface com.ssginc8.docto.medication.repo.MedicationLogRepo; If you want this repository to be a Redis repository, consider annotating your entities with one of these annotations: org.springframework.data.redis.core.RedisHash (preferred), or consider extending one of the following types with your repository: org.springframework.data.keyvalue.repository.KeyValueRepository
2025-06-01T16:21:33.362+09:00  INFO 6832 --- [    Test worker] .RepositoryConfigurationExtensionSupport : Spring Data Redis - Could not safely identify store assignment for repository candidate interface com.ssginc8.docto.patient.repo.PatientRepo; If you want this repository to be a Redis repository, consider annotating your entities with one of these annotations: org.springframework.data.redis.core.RedisHash (preferred), or consider extending one of the following types with your repository: org.springframework.data.keyvalue.repository.KeyValueRepository
2025-06-01T16:21:33.362+09:00  INFO 6832 --- [    Test worker] .RepositoryConfigurationExtensionSupport : Spring Data Redis - Could not safely identify store assignment for repository candidate interface com.ssginc8.docto.qna.repo.CommentRepo; If you want this repository to be a Redis repository, consider annotating your entities with one of these annotations: org.springframework.data.redis.core.RedisHash (preferred), or consider extending one of the following types with your repository: org.springframework.data.keyvalue.repository.KeyValueRepository
2025-06-01T16:21:33.363+09:00  INFO 6832 --- [    Test worker] .RepositoryConfigurationExtensionSupport : Spring Data Redis - Could not safely identify store assignment for repository candidate interface com.ssginc8.docto.qna.repo.QaPostRepo; If you want this repository to be a Redis repository, consider annotating your entities with one of these annotations: org.springframework.data.redis.core.RedisHash (preferred), or consider extending one of the following types with your repository: org.springframework.data.keyvalue.repository.KeyValueRepository
2025-06-01T16:21:33.364+09:00  INFO 6832 --- [    Test worker] .RepositoryConfigurationExtensionSupport : Spring Data Redis - Could not safely identify store assignment for repository candidate interface com.ssginc8.docto.review.repository.ReviewRepo; If you want this repository to be a Redis repository, consider annotating your entities with one of these annotations: org.springframework.data.redis.core.RedisHash (preferred), or consider extending one of the following types with your repository: org.springframework.data.keyvalue.repository.KeyValueRepository
2025-06-01T16:21:33.364+09:00  INFO 6832 --- [    Test worker] .RepositoryConfigurationExtensionSupport : Spring Data Redis - Could not safely identify store assignment for repository candidate interface com.ssginc8.docto.user.repo.UserRepo; If you want this repository to be a Redis repository, consider annotating your entities with one of these annotations: org.springframework.data.redis.core.RedisHash (preferred), or consider extending one of the following types with your repository: org.springframework.data.keyvalue.repository.KeyValueRepository
2025-06-01T16:21:33.365+09:00  INFO 6832 --- [    Test worker] .s.d.r.c.RepositoryConfigurationDelegate : Finished Spring Data repository scanning in 63 ms. Found 0 Redis repository interfaces.
2025-06-01T16:21:34.871+09:00  INFO 6832 --- [    Test worker] o.hibernate.jpa.internal.util.LogHelper  : HHH000204: Processing PersistenceUnitInfo [name: default]
2025-06-01T16:21:34.970+09:00  INFO 6832 --- [    Test worker] org.hibernate.Version                    : HHH000412: Hibernate ORM core version 6.6.13.Final
2025-06-01T16:21:35.020+09:00  INFO 6832 --- [    Test worker] o.h.c.internal.RegionFactoryInitiator    : HHH000026: Second-level cache disabled
2025-06-01T16:21:35.466+09:00  INFO 6832 --- [    Test worker] o.s.o.j.p.SpringPersistenceUnitInfo      : No LoadTimeWeaver setup: ignoring JPA class transformer
2025-06-01T16:21:35.514+09:00  INFO 6832 --- [    Test worker] com.zaxxer.hikari.HikariDataSource       : HikariPool-1 - Starting...
2025-06-01T16:21:35.865+09:00  INFO 6832 --- [    Test worker] com.zaxxer.hikari.pool.HikariPool        : HikariPool-1 - Added connection org.postgresql.jdbc.PgConnection@8c34631
2025-06-01T16:21:35.868+09:00  INFO 6832 --- [    Test worker] com.zaxxer.hikari.HikariDataSource       : HikariPool-1 - Start completed.
2025-06-01T16:21:35.927+09:00  WARN 6832 --- [    Test worker] org.hibernate.orm.deprecation            : HHH90000025: PostgreSQLDialect does not need to be specified explicitly using 'hibernate.dialect' (remove the property setting and it will be selected by default)
2025-06-01T16:21:35.967+09:00  INFO 6832 --- [    Test worker] org.hibernate.orm.connections.pooling    : HHH10001005: Database info:
	Database JDBC URL [Connecting through datasource 'HikariDataSource (HikariPool-1)']
	Database driver: undefined/unknown
	Database version: 17.5
	Autocommit mode: undefined/unknown
	Isolation level: undefined/unknown
	Minimum pool size: undefined/unknown
	Maximum pool size: undefined/unknown
2025-06-01T16:21:38.207+09:00  INFO 6832 --- [    Test worker] o.h.e.t.j.p.i.JtaPlatformInitiator       : HHH000489: No JTA platform available (set 'hibernate.transaction.jta.platform' to enable JTA platform integration)
Hibernate: 
    create table refresh_token (
        id bigint generated by default as identity,
        refresh_token varchar(1000) not null,
        uuid varchar(255) not null,
        primary key (id)
    )
Hibernate: 
    create table tbl_appointment (
        appointment_id bigint generated by default as identity,
        created_at timestamp(6),
        deleted_at timestamp(6),
        updated_at timestamp(6),
        appointment_time timestamp(6) not null,
        appointment_type varchar(255) not null check (appointment_type in ('SCHEDULED','IMMEDIATE','TELEMEDICINE')),
        payment_type varchar(255) not null check (payment_type in ('ONSITE','ONLINE')),
        queue_number bigint,
        status varchar(255) not null check (status in ('REQUESTED','CONFIRMED','COMPLETED','CANCELED')),
        symptom varchar(255) not null,
        doctor_id bigint not null,
        hospital_id bigint not null,
        patient_guardian_id bigint not null,
        primary key (appointment_id)
    )
Hibernate: 
    create table tbl_doctor (
        doctor_id bigint generated by default as identity,
        created_at timestamp(6),
        deleted_at timestamp(6),
        updated_at timestamp(6),
        capacity_per_half_hour bigint not null,
        specialization varchar(255) not null check (specialization in ('CARDIOLOGY','NEUROLOGY','DERMATOLOGY','PEDIATRICS','ORTHOPEDICS','RADIOLOGY','ONCOLOGY','GYNECOLOGY','PSYCHIATRY','GENERAL_SURGERY','UROLOGY','OPHTHALMOLOGY','ENT','INTERNAL_MEDICINE')),
        hospital_id bigint not null,
        user_id bigint not null,
        primary key (doctor_id)
    )
Hibernate: 
    create table tbl_doctor_schedule (
        schedule_id bigint generated by default as identity,
        created_at timestamp(6),
        deleted_at timestamp(6),
        updated_at timestamp(6),
        day_of_week varchar(255) not null check (day_of_week in ('MONDAY','TUESDAY','WEDNESDAY','THURSDAY','FRIDAY','SATURDAY','SUNDAY')),
        end_time time(6) not null,
        lunch_end time(6) not null,
        lunch_start time(6) not null,
        start_time time(6) not null,
        doctor_id bigint not null,
        primary key (schedule_id)
    )
Hibernate: 
    create table tbl_file (
        file_id bigint generated by default as identity,
        created_at timestamp(6),
        deleted_at timestamp(6),
        updated_at timestamp(6),
        bucket_name varchar(255) not null,
        category varchar(255) check (category in ('USER','HOSPITAL','MEDICAL')),
        file_name varchar(255) not null,
        file_size bigint not null,
        file_type varchar(255) not null,
        original_name varchar(255) not null,
        url varchar(255) not null,
        primary key (file_id)
    )
Hibernate: 
    create table tbl_hospital (
        hospital_id bigint generated by default as identity,
        created_at timestamp(6),
        deleted_at timestamp(6),
        updated_at timestamp(6),
        address varchar(200) not null,
        business_registration_number varchar(200) not null,
        introduction TEXT,
        latitude numeric(9,6),
        longitude numeric(9,6),
        name varchar(100) not null,
        notice TEXT,
        phone varchar(100) not null,
        waiting bigint,
        user_id bigint not null,
        primary key (hospital_id)
    )
Hibernate: 
    create table tbl_hospital_schedule (
        hospital_schedule_id bigint generated by default as identity,
        close_time time(6) not null,
        day_of_week varchar(255) not null check (day_of_week in ('MONDAY','TUESDAY','WEDNESDAY','THURSDAY','FRIDAY','SATURDAY','SUNDAY')),
        lunch_end time(6) not null,
        lunch_start time(6) not null,
        open_time time(6) not null,
        hospital_id bigint not null,
        primary key (hospital_schedule_id)
    )
Hibernate: 
    create table tbl_medication_alert_day (
        medication_alert_day bigint generated by default as identity,
        day_of_week varchar(255) not null check (day_of_week in ('MONDAY','TUESDAY','WEDNESDAY','THURSDAY','FRIDAY','SATURDAY','SUNDAY')),
        medication_alert_time_id bigint not null,
        primary key (medication_alert_day)
    )
Hibernate: 
    create table tbl_medication_alert_time (
        medication_alert_time_id bigint generated by default as identity,
        time_to_take timestamp(6) not null,
        medication_id bigint not null,
        primary key (medication_alert_time_id)
    )
Hibernate: 
    create table tbl_medication_information (
        medication_id bigint generated by default as identity,
        created_at timestamp(6),
        deleted_at timestamp(6),
        updated_at timestamp(6),
        medication_name varchar(100) not null,
        patient_guardian_id bigint not null,
        primary key (medication_id)
    )
Hibernate: 
    create table tbl_medication_log (
        medication_log_id bigint generated by default as identity,
        created_at timestamp(6) not null,
        status varchar(255) not null check (status in ('TAKEN','MISSED')),
        time_to_take timestamp(6),
        updated_at timestamp(6) not null,
        medication_id bigint not null,
        medication_alert_time_id bigint not null,
        primary key (medication_log_id)
    )
Hibernate: 
    create table tbl_patient (
        patient_id bigint generated by default as identity,
        created_at timestamp(6),
        deleted_at timestamp(6),
        updated_at timestamp(6),
        resident_registration_number varchar(255) not null,
        user_id bigint not null,
        primary key (patient_id)
    )
Hibernate: 
    create table tbl_patient_guardian (
        patient_guardian_id bigint generated by default as identity,
        created_at timestamp(6),
        deleted_at timestamp(6),
        updated_at timestamp(6),
        invite_code varchar(255) not null,
        invited_at timestamp(6) not null,
        responded_at timestamp(6),
        status varchar(255) not null check (status in ('PENDING','ACCEPTED','REJECTED')),
        patient_id bigint not null,
        user_id bigint not null,
        primary key (patient_guardian_id)
    )
Hibernate: 
    create table tbl_payment_method (
        payment_method_id bigint generated by default as identity,
        created_at timestamp(6),
        deleted_at timestamp(6),
        updated_at timestamp(6),
        billing_key varchar(255) not null,
        customer_key varchar(255) not null,
        method_type varchar(255) not null check (method_type in ('TOSS')),
        user_id bigint not null,
        primary key (payment_method_id)
    )
Hibernate: 
    create table tbl_provided_service (
        provided_service_id bigint generated by default as identity,
        service_name varchar(255) not null,
        hospital_id bigint not null,
        primary key (provided_service_id)
    )
Hibernate: 
    create table tbl_qa_post (
        qna_post_id bigint generated by default as identity,
        created_at timestamp(6),
        deleted_at timestamp(6),
        updated_at timestamp(6),
        content TEXT not null,
        appointment_id bigint not null,
        primary key (qna_post_id)
    )
Hibernate: 
    create table tbl_qna_comment (
        qna_comment_id bigint generated by default as identity,
        created_at timestamp(6),
        deleted_at timestamp(6),
        updated_at timestamp(6),
        content TEXT not null,
        qna_post_id bigint not null,
        primary key (qna_comment_id)
    )
Hibernate: 
    create table tbl_review (
        review_id bigint generated by default as identity,
        created_at timestamp(6),
        deleted_at timestamp(6),
        updated_at timestamp(6),
        contents varchar(1000) not null,
        report_count bigint not null,
        appointment_id bigint not null,
        doctor_id bigint not null,
        hospital_id bigint not null,
        user_id bigint not null,
        primary key (review_id)
    )
Hibernate: 
    create table tbl_review_keyword (
        review_id bigint not null,
        keyword varchar(255) not null check (keyword in ('THOROUGH','FRIENDLY_DOCTOR','FAST','SHORT_WAIT','PROFESSIONAL','SENIOR_FRIENDLY','CLEAN_HOSPITAL','NICE_FACILITY','EASY_PARKING','GOOD_LOCATION','COMFORTABLE_ATMOS','FAIR_PRICE','EASY_INSURANCE','FAST_RESULTS','ENOUGH_CONSULT','WANT_RETURN','FAST_PAYMENT','UNFRIENDLY_EXAM','LACK_EXPLANATION','POOR_COMMUNICATION','NO_EFFECT_TREAT','LONG_WAIT','WAIT_AFTER_BOOK','LACK_GUIDE','COMPLEX_PAYMENT','DIRTY_HOSPITAL','WORRY_CLEAN','TIGHT_WAIT_AREA','NO_PARKING_SPACE','CONFUSING_SIGNAGE','NO_WHEELCHAIR_ACCESS','NO_GUARDIAN_SPACE','EXPENSIVE','PUSH_UNNECESSARY','LACK_FEE_EXPLAN','INSURANCE_BUREAUCRACY','LATE_RECEIPT')),
        primary key (review_id, keyword)
    )
Hibernate: 
    create table tbl_user (
        user_id bigint generated by default as identity,
        created_at timestamp(6),
        deleted_at timestamp(6),
        updated_at timestamp(6),
        address varchar(200),
        email varchar(100) not null,
        is_suspended boolean not null,
        login_type varchar(255) not null check (login_type in ('EMAIL','KAKAO','NAVER')),
        name varchar(100),
        password varchar(255),
        penalty bigint,
        phone varchar(100),
        provider_id varchar(255),
        role varchar(255) check (role in ('PATIENT','GUARDIAN','HOSPITAL_ADMIN','DOCTOR','SYSTEM_ADMIN')),
        suspended_at timestamp(6),
        suspension_expires_at timestamp(6),
        uuid varchar(340) not null,
        file_id bigint,
        primary key (user_id)
    )
Hibernate: 
    alter table if exists refresh_token 
       drop constraint if exists UKpk63fcmwd8c6hdranvbj524ps
2025-06-01T16:21:38.578+09:00  WARN 6832 --- [    Test worker] o.h.engine.jdbc.spi.SqlExceptionHelper   : SQL Warning Code: 0, SQLState: 00000
2025-06-01T16:21:38.578+09:00  WARN 6832 --- [    Test worker] o.h.engine.jdbc.spi.SqlExceptionHelper   : "ukpk63fcmwd8c6hdranvbj524ps" 제약 조건(해당 테이블: "refresh_token")이 없음, 건너뜀
Hibernate: 
    alter table if exists refresh_token 
       add constraint UKpk63fcmwd8c6hdranvbj524ps unique (uuid)
Hibernate: 
    alter table if exists tbl_doctor 
       drop constraint if exists UKe23cm2v2mp3fn74b61x8a9dl3
2025-06-01T16:21:38.584+09:00  WARN 6832 --- [    Test worker] o.h.engine.jdbc.spi.SqlExceptionHelper   : SQL Warning Code: 0, SQLState: 00000
2025-06-01T16:21:38.584+09:00  WARN 6832 --- [    Test worker] o.h.engine.jdbc.spi.SqlExceptionHelper   : "uke23cm2v2mp3fn74b61x8a9dl3" 제약 조건(해당 테이블: "tbl_doctor")이 없음, 건너뜀
Hibernate: 
    alter table if exists tbl_doctor 
       add constraint UKe23cm2v2mp3fn74b61x8a9dl3 unique (user_id)
Hibernate: 
    alter table if exists tbl_hospital 
       drop constraint if exists UKaqo8sm53harn8672mmvvlhmkc
2025-06-01T16:21:38.589+09:00  WARN 6832 --- [    Test worker] o.h.engine.jdbc.spi.SqlExceptionHelper   : SQL Warning Code: 0, SQLState: 00000
2025-06-01T16:21:38.589+09:00  WARN 6832 --- [    Test worker] o.h.engine.jdbc.spi.SqlExceptionHelper   : "ukaqo8sm53harn8672mmvvlhmkc" 제약 조건(해당 테이블: "tbl_hospital")이 없음, 건너뜀
Hibernate: 
    alter table if exists tbl_hospital 
       add constraint UKaqo8sm53harn8672mmvvlhmkc unique (user_id)
Hibernate: 
    alter table if exists tbl_patient 
       drop constraint if exists UKi2xm86xcgg52wygujjwx4yyg8
2025-06-01T16:21:38.594+09:00  WARN 6832 --- [    Test worker] o.h.engine.jdbc.spi.SqlExceptionHelper   : SQL Warning Code: 0, SQLState: 00000
2025-06-01T16:21:38.595+09:00  WARN 6832 --- [    Test worker] o.h.engine.jdbc.spi.SqlExceptionHelper   : "uki2xm86xcgg52wygujjwx4yyg8" 제약 조건(해당 테이블: "tbl_patient")이 없음, 건너뜀
Hibernate: 
    alter table if exists tbl_patient 
       add constraint UKi2xm86xcgg52wygujjwx4yyg8 unique (user_id)
Hibernate: 
    alter table if exists tbl_qa_post 
       drop constraint if exists UK3gmbspoggd1u7jlnp5nb4y8nu
2025-06-01T16:21:38.604+09:00  WARN 6832 --- [    Test worker] o.h.engine.jdbc.spi.SqlExceptionHelper   : SQL Warning Code: 0, SQLState: 00000
2025-06-01T16:21:38.604+09:00  WARN 6832 --- [    Test worker] o.h.engine.jdbc.spi.SqlExceptionHelper   : "uk3gmbspoggd1u7jlnp5nb4y8nu" 제약 조건(해당 테이블: "tbl_qa_post")이 없음, 건너뜀
Hibernate: 
    alter table if exists tbl_qa_post 
       add constraint UK3gmbspoggd1u7jlnp5nb4y8nu unique (appointment_id)
Hibernate: 
    alter table if exists tbl_user 
       drop constraint if exists UKnpn1wf1yu1g5rjohbek375pp1
2025-06-01T16:21:38.609+09:00  WARN 6832 --- [    Test worker] o.h.engine.jdbc.spi.SqlExceptionHelper   : SQL Warning Code: 0, SQLState: 00000
2025-06-01T16:21:38.609+09:00  WARN 6832 --- [    Test worker] o.h.engine.jdbc.spi.SqlExceptionHelper   : "uknpn1wf1yu1g5rjohbek375pp1" 제약 조건(해당 테이블: "tbl_user")이 없음, 건너뜀
Hibernate: 
    alter table if exists tbl_user 
       add constraint UKnpn1wf1yu1g5rjohbek375pp1 unique (email)
Hibernate: 
    alter table if exists tbl_user 
       drop constraint if exists UK8pns58x7nmxdxe7vta6uhb3id
2025-06-01T16:21:38.614+09:00  WARN 6832 --- [    Test worker] o.h.engine.jdbc.spi.SqlExceptionHelper   : SQL Warning Code: 0, SQLState: 00000
2025-06-01T16:21:38.615+09:00  WARN 6832 --- [    Test worker] o.h.engine.jdbc.spi.SqlExceptionHelper   : "uk8pns58x7nmxdxe7vta6uhb3id" 제약 조건(해당 테이블: "tbl_user")이 없음, 건너뜀
Hibernate: 
    alter table if exists tbl_user 
       add constraint UK8pns58x7nmxdxe7vta6uhb3id unique (provider_id)
Hibernate: 
    alter table if exists tbl_user 
       drop constraint if exists UKoyrv7l3883ewdbfhd4vtg8w23
2025-06-01T16:21:38.620+09:00  WARN 6832 --- [    Test worker] o.h.engine.jdbc.spi.SqlExceptionHelper   : SQL Warning Code: 0, SQLState: 00000
2025-06-01T16:21:38.620+09:00  WARN 6832 --- [    Test worker] o.h.engine.jdbc.spi.SqlExceptionHelper   : "ukoyrv7l3883ewdbfhd4vtg8w23" 제약 조건(해당 테이블: "tbl_user")이 없음, 건너뜀
Hibernate: 
    alter table if exists tbl_user 
       add constraint UKoyrv7l3883ewdbfhd4vtg8w23 unique (uuid)
Hibernate: 
    alter table if exists tbl_user 
       drop constraint if exists UKnf9n8cd705j3ltempkb0jgvkd
2025-06-01T16:21:38.625+09:00  WARN 6832 --- [    Test worker] o.h.engine.jdbc.spi.SqlExceptionHelper   : SQL Warning Code: 0, SQLState: 00000
2025-06-01T16:21:38.625+09:00  WARN 6832 --- [    Test worker] o.h.engine.jdbc.spi.SqlExceptionHelper   : "uknf9n8cd705j3ltempkb0jgvkd" 제약 조건(해당 테이블: "tbl_user")이 없음, 건너뜀
Hibernate: 
    alter table if exists tbl_user 
       add constraint UKnf9n8cd705j3ltempkb0jgvkd unique (file_id)
Hibernate: 
    alter table if exists tbl_appointment 
       add constraint FK2remvtuiqixj2ikv09q9ak9ui 
       foreign key (doctor_id) 
       references tbl_doctor
Hibernate: 
    alter table if exists tbl_appointment 
       add constraint FK307ggav8t84aadtm9utfo3qdk 
       foreign key (hospital_id) 
       references tbl_hospital
Hibernate: 
    alter table if exists tbl_appointment 
       add constraint FK6pdhcoqjbodmx3krkc6apt59e 
       foreign key (patient_guardian_id) 
       references tbl_patient_guardian
Hibernate: 
    alter table if exists tbl_doctor 
       add constraint FKkokws1premu8hpviefxweg2bq 
       foreign key (hospital_id) 
       references tbl_hospital
Hibernate: 
    alter table if exists tbl_doctor 
       add constraint FK7ue8nl89ed7v4jnipkju3k5u0 
       foreign key (user_id) 
       references tbl_user
Hibernate: 
    alter table if exists tbl_doctor_schedule 
       add constraint FKtljixsf3pq4w2ml1y0ndpq66q 
       foreign key (doctor_id) 
       references tbl_doctor
Hibernate: 
    alter table if exists tbl_hospital 
       add constraint FKo0mq9autxhid4k2epomwa39is 
       foreign key (user_id) 
       references tbl_user
Hibernate: 
    alter table if exists tbl_hospital_schedule 
       add constraint FK67g0xuii3a6skubwbiqugdsi5 
       foreign key (hospital_id) 
       references tbl_hospital
Hibernate: 
    alter table if exists tbl_medication_alert_day 
       add constraint FKistth4ujdkjs250vmr88xdecu 
       foreign key (medication_alert_time_id) 
       references tbl_medication_alert_time
Hibernate: 
    alter table if exists tbl_medication_alert_time 
       add constraint FKdstt9ovyb7ia6o41o65k71fy1 
       foreign key (medication_id) 
       references tbl_medication_information
Hibernate: 
    alter table if exists tbl_medication_log 
       add constraint FKsf3ee7f916dvlwut6fm3r0623 
       foreign key (medication_id) 
       references tbl_medication_information
Hibernate: 
    alter table if exists tbl_medication_log 
       add constraint FKsemodhntxxl0chvmo4pkng2lu 
       foreign key (medication_alert_time_id) 
       references tbl_medication_alert_time
Hibernate: 
    alter table if exists tbl_patient 
       add constraint FKbq8bpl27tjuktfxkkdbhsnimo 
       foreign key (user_id) 
       references tbl_user
Hibernate: 
    alter table if exists tbl_patient_guardian 
       add constraint FKtq7jymtljcmmmijr96l1v9kmf 
       foreign key (patient_id) 
       references tbl_patient
Hibernate: 
    alter table if exists tbl_patient_guardian 
       add constraint FK36l2b73hdneyfrx3qmi74x2r6 
       foreign key (user_id) 
       references tbl_user
Hibernate: 
    alter table if exists tbl_payment_method 
       add constraint FKi8lyqoc3wr6cosxr4dkbm03hu 
       foreign key (user_id) 
       references tbl_user
Hibernate: 
    alter table if exists tbl_provided_service 
       add constraint FK53mip2c4rqojmhttwv7ad22qf 
       foreign key (hospital_id) 
       references tbl_hospital
Hibernate: 
    alter table if exists tbl_qa_post 
       add constraint FK3dwlu91xpoq79fhpphvstwku 
       foreign key (appointment_id) 
       references tbl_appointment
Hibernate: 
    alter table if exists tbl_qna_comment 
       add constraint FKeubl82hswgrlwg2pd3x1hgoir 
       foreign key (qna_post_id) 
       references tbl_qa_post
Hibernate: 
    alter table if exists tbl_review 
       add constraint FKo2dkjjixbynxr5unlmid3m35v 
       foreign key (appointment_id) 
       references tbl_appointment
Hibernate: 
    alter table if exists tbl_review 
       add constraint FK5i7dy7ybv1el1beli96yio2b 
       foreign key (doctor_id) 
       references tbl_doctor
Hibernate: 
    alter table if exists tbl_review 
       add constraint FKkwvf1wjnd98hesmobb7voq8fn 
       foreign key (hospital_id) 
       references tbl_hospital
Hibernate: 
    alter table if exists tbl_review 
       add constraint FKt110msmkn53q5xr6xcnsudh1g 
       foreign key (user_id) 
       references tbl_user
Hibernate: 
    alter table if exists tbl_review_keyword 
       add constraint FKncwlym5dd26u6ncxjnlvpl25v 
       foreign key (review_id) 
       references tbl_review
Hibernate: 
    alter table if exists tbl_user 
       add constraint FK978pbbgppq6jbmfkiw7cxed2v 
       foreign key (file_id) 
       references tbl_file
2025-06-01T16:21:38.722+09:00  INFO 6832 --- [    Test worker] j.LocalContainerEntityManagerFactoryBean : Initialized JPA EntityManagerFactory for persistence unit 'default'
2025-06-01T16:21:39.817+09:00  INFO 6832 --- [    Test worker] o.s.d.j.r.query.QueryEnhancerFactory     : Hibernate is in classpath; If applicable, HQL parser will be used.
2025-06-01T16:21:41.459+09:00  WARN 6832 --- [    Test worker] com.amazonaws.util.VersionInfoUtils      : The AWS SDK for Java 1.x entered maintenance mode starting July 31, 2024 and will reach end of support on December 31, 2025. For more information, see https://aws.amazon.com/blogs/developer/the-aws-sdk-for-java-1-x-is-in-maintenance-mode-effective-july-31-2024/
You can print where on the file system the AWS SDK for Java 1.x core runtime is located by setting the AWS_JAVA_V1_PRINT_LOCATION environment variable or aws.java.v1.printLocation system property to 'true'.
This message can be disabled by setting the AWS_JAVA_V1_DISABLE_DEPRECATION_ANNOUNCEMENT environment variable or aws.java.v1.disableDeprecationAnnouncement system property to 'true'.
The AWS SDK for Java 1.x is being used here:
at java.base/java.lang.Thread.getStackTrace(Thread.java:1619)
at com.amazonaws.util.VersionInfoUtils.printDeprecationAnnouncement(VersionInfoUtils.java:81)
at com.amazonaws.util.VersionInfoUtils.<clinit>(VersionInfoUtils.java:59)
at com.amazonaws.internal.EC2ResourceFetcher.<clinit>(EC2ResourceFetcher.java:44)
at com.amazonaws.auth.InstanceMetadataServiceCredentialsFetcher.<init>(InstanceMetadataServiceCredentialsFetcher.java:38)
at com.amazonaws.auth.InstanceProfileCredentialsProvider.<init>(InstanceProfileCredentialsProvider.java:111)
at com.amazonaws.auth.InstanceProfileCredentialsProvider.<init>(InstanceProfileCredentialsProvider.java:91)
at com.amazonaws.auth.InstanceProfileCredentialsProvider.<init>(InstanceProfileCredentialsProvider.java:75)
at com.amazonaws.auth.InstanceProfileCredentialsProvider.<clinit>(InstanceProfileCredentialsProvider.java:58)
at com.amazonaws.auth.EC2ContainerCredentialsProviderWrapper.initializeProvider(EC2ContainerCredentialsProviderWrapper.java:66)
at com.amazonaws.auth.EC2ContainerCredentialsProviderWrapper.<init>(EC2ContainerCredentialsProviderWrapper.java:55)
at com.amazonaws.auth.DefaultAWSCredentialsProviderChain.<init>(DefaultAWSCredentialsProviderChain.java:60)
at com.amazonaws.auth.DefaultAWSCredentialsProviderChain.<clinit>(DefaultAWSCredentialsProviderChain.java:54)
at com.amazonaws.services.s3.AmazonS3ClientBuilder.standard(AmazonS3ClientBuilder.java:46)
at com.ssginc8.docto.file.config.S3Config.amazonS3(S3Config.java:27)
at com.ssginc8.docto.file.config.S3Config$$SpringCGLIB$$0.CGLIB$amazonS3$0(<generated>)
at com.ssginc8.docto.file.config.S3Config$$SpringCGLIB$$FastClass$$1.invoke(<generated>)
at org.springframework.cglib.proxy.MethodProxy.invokeSuper(MethodProxy.java:258)
at org.springframework.context.annotation.ConfigurationClassEnhancer$BeanMethodInterceptor.intercept(ConfigurationClassEnhancer.java:393)
at com.ssginc8.docto.file.config.S3Config$$SpringCGLIB$$0.amazonS3(<generated>)
at java.base/jdk.internal.reflect.NativeMethodAccessorImpl.invoke0(Native Method)
at java.base/jdk.internal.reflect.NativeMethodAccessorImpl.invoke(NativeMethodAccessorImpl.java:77)
at java.base/jdk.internal.reflect.DelegatingMethodAccessorImpl.invoke(DelegatingMethodAccessorImpl.java:43)
at java.base/java.lang.reflect.Method.invoke(Method.java:569)
at org.springframework.beans.factory.support.SimpleInstantiationStrategy.lambda$instantiate$0(SimpleInstantiationStrategy.java:171)
at org.springframework.beans.factory.support.SimpleInstantiationStrategy.instantiateWithFactoryMethod(SimpleInstantiationStrategy.java:88)
at org.springframework.beans.factory.support.SimpleInstantiationStrategy.instantiate(SimpleInstantiationStrategy.java:168)
at org.springframework.beans.factory.support.ConstructorResolver.instantiate(ConstructorResolver.java:653)
at org.springframework.beans.factory.support.ConstructorResolver.instantiateUsingFactoryMethod(ConstructorResolver.java:489)
at org.springframework.beans.factory.support.AbstractAutowireCapableBeanFactory.instantiateUsingFactoryMethod(AbstractAutowireCapableBeanFactory.java:1367)
at org.springframework.beans.factory.support.AbstractAutowireCapableBeanFactory.createBeanInstance(AbstractAutowireCapableBeanFactory.java:1197)
at org.springframework.beans.factory.support.AbstractAutowireCapableBeanFactory.doCreateBean(AbstractAutowireCapableBeanFactory.java:569)
at org.springframework.beans.factory.support.AbstractAutowireCapableBeanFactory.createBean(AbstractAutowireCapableBeanFactory.java:529)
at org.springframework.beans.factory.support.AbstractBeanFactory.lambda$doGetBean$0(AbstractBeanFactory.java:339)
at org.springframework.beans.factory.support.DefaultSingletonBeanRegistry.getSingleton(DefaultSingletonBeanRegistry.java:371)
at org.springframework.beans.factory.support.AbstractBeanFactory.doGetBean(AbstractBeanFactory.java:337)
at org.springframework.beans.factory.support.AbstractBeanFactory.getBean(AbstractBeanFactory.java:202)
at org.springframework.beans.factory.support.DefaultListableBeanFactory.doResolveDependency(DefaultListableBeanFactory.java:1681)
at org.springframework.beans.factory.support.DefaultListableBeanFactory.resolveDependency(DefaultListableBeanFactory.java:1627)
at org.springframework.beans.factory.support.ConstructorResolver.resolveAutowiredArgument(ConstructorResolver.java:913)
at org.springframework.beans.factory.support.ConstructorResolver.createArgumentArray(ConstructorResolver.java:791)
at org.springframework.beans.factory.support.ConstructorResolver.autowireConstructor(ConstructorResolver.java:240)
at org.springframework.beans.factory.support.AbstractAutowireCapableBeanFactory.autowireConstructor(AbstractAutowireCapableBeanFactory.java:1387)
at org.springframework.beans.factory.support.AbstractAutowireCapableBeanFactory.createBeanInstance(AbstractAutowireCapableBeanFactory.java:1224)
at org.springframework.beans.factory.support.AbstractAutowireCapableBeanFactory.doCreateBean(AbstractAutowireCapableBeanFactory.java:569)
at org.springframework.beans.factory.support.AbstractAutowireCapableBeanFactory.createBean(AbstractAutowireCapableBeanFactory.java:529)
at org.springframework.beans.factory.support.AbstractBeanFactory.lambda$doGetBean$0(AbstractBeanFactory.java:339)
at org.springframework.beans.factory.support.DefaultSingletonBeanRegistry.getSingleton(DefaultSingletonBeanRegistry.java:371)
at org.springframework.beans.factory.support.AbstractBeanFactory.doGetBean(AbstractBeanFactory.java:337)
at org.springframework.beans.factory.support.AbstractBeanFactory.getBean(AbstractBeanFactory.java:202)
at org.springframework.beans.factory.config.DependencyDescriptor.resolveCandidate(DependencyDescriptor.java:254)
at org.springframework.beans.factory.support.DefaultListableBeanFactory.doResolveDependency(DefaultListableBeanFactory.java:1739)
at org.springframework.beans.factory.support.DefaultListableBeanFactory.resolveDependency(DefaultListableBeanFactory.java:1627)
at org.springframework.beans.factory.support.ConstructorResolver.resolveAutowiredArgument(ConstructorResolver.java:913)
at org.springframework.beans.factory.support.ConstructorResolver.createArgumentArray(ConstructorResolver.java:791)
at org.springframework.beans.factory.support.ConstructorResolver.autowireConstructor(ConstructorResolver.java:240)
at org.springframework.beans.factory.support.AbstractAutowireCapableBeanFactory.autowireConstructor(AbstractAutowireCapableBeanFactory.java:1387)
at org.springframework.beans.factory.support.AbstractAutowireCapableBeanFactory.createBeanInstance(AbstractAutowireCapableBeanFactory.java:1224)
at org.springframework.beans.factory.support.AbstractAutowireCapableBeanFactory.doCreateBean(AbstractAutowireCapableBeanFactory.java:569)
at org.springframework.beans.factory.support.AbstractAutowireCapableBeanFactory.createBean(AbstractAutowireCapableBeanFactory.java:529)
at org.springframework.beans.factory.support.AbstractBeanFactory.lambda$doGetBean$0(AbstractBeanFactory.java:339)
at org.springframework.beans.factory.support.DefaultSingletonBeanRegistry.getSingleton(DefaultSingletonBeanRegistry.java:371)
at org.springframework.beans.factory.support.AbstractBeanFactory.doGetBean(AbstractBeanFactory.java:337)
at org.springframework.beans.factory.support.AbstractBeanFactory.getBean(AbstractBeanFactory.java:202)
at org.springframework.beans.factory.config.DependencyDescriptor.resolveCandidate(DependencyDescriptor.java:254)
at org.springframework.beans.factory.support.DefaultListableBeanFactory.doResolveDependency(DefaultListableBeanFactory.java:1739)
at org.springframework.beans.factory.support.DefaultListableBeanFactory.resolveDependency(DefaultListableBeanFactory.java:1627)
at org.springframework.beans.factory.support.ConstructorResolver.resolveAutowiredArgument(ConstructorResolver.java:913)
at org.springframework.beans.factory.support.ConstructorResolver.createArgumentArray(ConstructorResolver.java:791)
at org.springframework.beans.factory.support.ConstructorResolver.autowireConstructor(ConstructorResolver.java:240)
at org.springframework.beans.factory.support.AbstractAutowireCapableBeanFactory.autowireConstructor(AbstractAutowireCapableBeanFactory.java:1387)
at org.springframework.beans.factory.support.AbstractAutowireCapableBeanFactory.createBeanInstance(AbstractAutowireCapableBeanFactory.java:1224)
at org.springframework.beans.factory.support.AbstractAutowireCapableBeanFactory.doCreateBean(AbstractAutowireCapableBeanFactory.java:569)
at org.springframework.beans.factory.support.AbstractAutowireCapableBeanFactory.createBean(AbstractAutowireCapableBeanFactory.java:529)
at org.springframework.beans.factory.support.AbstractBeanFactory.lambda$doGetBean$0(AbstractBeanFactory.java:339)
at org.springframework.beans.factory.support.DefaultSingletonBeanRegistry.getSingleton(DefaultSingletonBeanRegistry.java:371)
at org.springframework.beans.factory.support.AbstractBeanFactory.doGetBean(AbstractBeanFactory.java:337)
at org.springframework.beans.factory.support.AbstractBeanFactory.getBean(AbstractBeanFactory.java:202)
at org.springframework.beans.factory.config.DependencyDescriptor.resolveCandidate(DependencyDescriptor.java:254)
at org.springframework.beans.factory.support.DefaultListableBeanFactory.doResolveDependency(DefaultListableBeanFactory.java:1739)
at org.springframework.beans.factory.support.DefaultListableBeanFactory.resolveDependency(DefaultListableBeanFactory.java:1627)
at org.springframework.beans.factory.support.ConstructorResolver.resolveAutowiredArgument(ConstructorResolver.java:913)
at org.springframework.beans.factory.support.ConstructorResolver.createArgumentArray(ConstructorResolver.java:791)
at org.springframework.beans.factory.support.ConstructorResolver.autowireConstructor(ConstructorResolver.java:240)
at org.springframework.beans.factory.support.AbstractAutowireCapableBeanFactory.autowireConstructor(AbstractAutowireCapableBeanFactory.java:1387)
at org.springframework.beans.factory.support.AbstractAutowireCapableBeanFactory.createBeanInstance(AbstractAutowireCapableBeanFactory.java:1224)
at org.springframework.beans.factory.support.AbstractAutowireCapableBeanFactory.doCreateBean(AbstractAutowireCapableBeanFactory.java:569)
at org.springframework.beans.factory.support.AbstractAutowireCapableBeanFactory.createBean(AbstractAutowireCapableBeanFactory.java:529)
at org.springframework.beans.factory.support.AbstractBeanFactory.lambda$doGetBean$0(AbstractBeanFactory.java:339)
at org.springframework.beans.factory.support.DefaultSingletonBeanRegistry.getSingleton(DefaultSingletonBeanRegistry.java:371)
at org.springframework.beans.factory.support.AbstractBeanFactory.doGetBean(AbstractBeanFactory.java:337)
at org.springframework.beans.factory.support.AbstractBeanFactory.getBean(AbstractBeanFactory.java:202)
at org.springframework.beans.factory.support.DefaultListableBeanFactory.instantiateSingleton(DefaultListableBeanFactory.java:1221)
at org.springframework.beans.factory.support.DefaultListableBeanFactory.preInstantiateSingleton(DefaultListableBeanFactory.java:1187)
at org.springframework.beans.factory.support.DefaultListableBeanFactory.preInstantiateSingletons(DefaultListableBeanFactory.java:1122)
at org.springframework.context.support.AbstractApplicationContext.finishBeanFactoryInitialization(AbstractApplicationContext.java:987)
at org.springframework.context.support.AbstractApplicationContext.refresh(AbstractApplicationContext.java:627)
at org.springframework.boot.SpringApplication.refresh(SpringApplication.java:753)
at org.springframework.boot.SpringApplication.refreshContext(SpringApplication.java:439)
at org.springframework.boot.SpringApplication.run(SpringApplication.java:318)
at org.springframework.boot.test.context.SpringBootContextLoader.lambda$loadContext$3(SpringBootContextLoader.java:144)
at org.springframework.util.function.ThrowingSupplier.get(ThrowingSupplier.java:58)
at org.springframework.util.function.ThrowingSupplier.get(ThrowingSupplier.java:46)
at org.springframework.boot.SpringApplication.withHook(SpringApplication.java:1462)
at org.springframework.boot.test.context.SpringBootContextLoader$ContextLoaderHook.run(SpringBootContextLoader.java:563)
at org.springframework.boot.test.context.SpringBootContextLoader.loadContext(SpringBootContextLoader.java:144)
at org.springframework.boot.test.context.SpringBootContextLoader.loadContext(SpringBootContextLoader.java:110)
at org.springframework.test.context.cache.DefaultCacheAwareContextLoaderDelegate.loadContextInternal(DefaultCacheAwareContextLoaderDelegate.java:225)
at org.springframework.test.context.cache.DefaultCacheAwareContextLoaderDelegate.loadContext(DefaultCacheAwareContextLoaderDelegate.java:152)
at org.springframework.test.context.support.DefaultTestContext.getApplicationContext(DefaultTestContext.java:130)
at org.springframework.test.context.web.ServletTestExecutionListener.setUpRequestContextIfNecessary(ServletTestExecutionListener.java:200)
at org.springframework.test.context.web.ServletTestExecutionListener.prepareTestInstance(ServletTestExecutionListener.java:139)
at org.springframework.test.context.TestContextManager.prepareTestInstance(TestContextManager.java:260)
at org.springframework.test.context.junit.jupiter.SpringExtension.postProcessTestInstance(SpringExtension.java:159)
at org.junit.jupiter.engine.descriptor.ClassBasedTestDescriptor.lambda$invokeTestInstancePostProcessors$11(ClassBasedTestDescriptor.java:378)
at org.junit.jupiter.engine.descriptor.ClassBasedTestDescriptor.executeAndMaskThrowable(ClassBasedTestDescriptor.java:383)
at org.junit.jupiter.engine.descriptor.ClassBasedTestDescriptor.lambda$invokeTestInstancePostProcessors$12(ClassBasedTestDescriptor.java:378)
at java.base/java.util.stream.ForEachOps$ForEachOp$OfRef.accept(ForEachOps.java:183)
at java.base/java.util.stream.ReferencePipeline$3$1.accept(ReferencePipeline.java:197)
at java.base/java.util.stream.ReferencePipeline$2$1.accept(ReferencePipeline.java:179)
at java.base/java.util.stream.ReferencePipeline$3$1.accept(ReferencePipeline.java:197)
at java.base/java.util.ArrayList$ArrayListSpliterator.forEachRemaining(ArrayList.java:1625)
at java.base/java.util.stream.AbstractPipeline.copyInto(AbstractPipeline.java:509)
at java.base/java.util.stream.AbstractPipeline.wrapAndCopyInto(AbstractPipeline.java:499)
at java.base/java.util.stream.ForEachOps$ForEachOp.evaluateSequential(ForEachOps.java:150)
at java.base/java.util.stream.ForEachOps$ForEachOp$OfRef.evaluateSequential(ForEachOps.java:173)
at java.base/java.util.stream.AbstractPipeline.evaluate(AbstractPipeline.java:234)
at java.base/java.util.stream.ReferencePipeline.forEach(ReferencePipeline.java:596)
at org.junit.jupiter.engine.descriptor.ClassBasedTestDescriptor.invokeTestInstancePostProcessors(ClassBasedTestDescriptor.java:377)
at org.junit.jupiter.engine.descriptor.ClassBasedTestDescriptor.lambda$instantiateAndPostProcessTestInstance$7(ClassBasedTestDescriptor.java:290)
at org.junit.platform.engine.support.hierarchical.ThrowableCollector.execute(ThrowableCollector.java:73)
at org.junit.jupiter.engine.descriptor.ClassBasedTestDescriptor.instantiateAndPostProcessTestInstance(ClassBasedTestDescriptor.java:289)
at org.junit.jupiter.engine.descriptor.ClassBasedTestDescriptor.lambda$testInstancesProvider$5(ClassBasedTestDescriptor.java:279)
at java.base/java.util.Optional.orElseGet(Optional.java:364)
at org.junit.jupiter.engine.descriptor.ClassBasedTestDescriptor.lambda$testInstancesProvider$6(ClassBasedTestDescriptor.java:278)
at org.junit.jupiter.engine.execution.TestInstancesProvider.getTestInstances(TestInstancesProvider.java:31)
at org.junit.jupiter.engine.descriptor.TestMethodTestDescriptor.lambda$prepare$1(TestMethodTestDescriptor.java:105)
at org.junit.platform.engine.support.hierarchical.ThrowableCollector.execute(ThrowableCollector.java:73)
at org.junit.jupiter.engine.descriptor.TestMethodTestDescriptor.prepare(TestMethodTestDescriptor.java:104)
at org.junit.jupiter.engine.descriptor.TestMethodTestDescriptor.prepare(TestMethodTestDescriptor.java:68)
at org.junit.platform.engine.support.hierarchical.NodeTestTask.lambda$prepare$2(NodeTestTask.java:128)
at org.junit.platform.engine.support.hierarchical.ThrowableCollector.execute(ThrowableCollector.java:73)
at org.junit.platform.engine.support.hierarchical.NodeTestTask.prepare(NodeTestTask.java:128)
at org.junit.platform.engine.support.hierarchical.NodeTestTask.execute(NodeTestTask.java:95)
at java.base/java.util.ArrayList.forEach(ArrayList.java:1511)
at org.junit.platform.engine.support.hierarchical.SameThreadHierarchicalTestExecutorService.invokeAll(SameThreadHierarchicalTestExecutorService.java:41)
at org.junit.platform.engine.support.hierarchical.NodeTestTask.lambda$executeRecursively$6(NodeTestTask.java:160)
at org.junit.platform.engine.support.hierarchical.ThrowableCollector.execute(ThrowableCollector.java:73)
at org.junit.platform.engine.support.hierarchical.NodeTestTask.lambda$executeRecursively$8(NodeTestTask.java:146)
at org.junit.platform.engine.support.hierarchical.Node.around(Node.java:137)
at org.junit.platform.engine.support.hierarchical.NodeTestTask.lambda$executeRecursively$9(NodeTestTask.java:144)
at org.junit.platform.engine.support.hierarchical.ThrowableCollector.execute(ThrowableCollector.java:73)
at org.junit.platform.engine.support.hierarchical.NodeTestTask.executeRecursively(NodeTestTask.java:143)
at org.junit.platform.engine.support.hierarchical.NodeTestTask.execute(NodeTestTask.java:100)
at java.base/java.util.ArrayList.forEach(ArrayList.java:1511)
at org.junit.platform.engine.support.hierarchical.SameThreadHierarchicalTestExecutorService.invokeAll(SameThreadHierarchicalTestExecutorService.java:41)
at org.junit.platform.engine.support.hierarchical.NodeTestTask.lambda$executeRecursively$6(NodeTestTask.java:160)
at org.junit.platform.engine.support.hierarchical.ThrowableCollector.execute(ThrowableCollector.java:73)
at org.junit.platform.engine.support.hierarchical.NodeTestTask.lambda$executeRecursively$8(NodeTestTask.java:146)
at org.junit.platform.engine.support.hierarchical.Node.around(Node.java:137)
at org.junit.platform.engine.support.hierarchical.NodeTestTask.lambda$executeRecursively$9(NodeTestTask.java:144)
at org.junit.platform.engine.support.hierarchical.ThrowableCollector.execute(ThrowableCollector.java:73)
at org.junit.platform.engine.support.hierarchical.NodeTestTask.executeRecursively(NodeTestTask.java:143)
at org.junit.platform.engine.support.hierarchical.NodeTestTask.execute(NodeTestTask.java:100)
at org.junit.platform.engine.support.hierarchical.SameThreadHierarchicalTestExecutorService.submit(SameThreadHierarchicalTestExecutorService.java:35)
at org.junit.platform.engine.support.hierarchical.HierarchicalTestExecutor.execute(HierarchicalTestExecutor.java:57)
at org.junit.platform.engine.support.hierarchical.HierarchicalTestEngine.execute(HierarchicalTestEngine.java:54)
at org.junit.platform.launcher.core.EngineExecutionOrchestrator.execute(EngineExecutionOrchestrator.java:198)
at org.junit.platform.launcher.core.EngineExecutionOrchestrator.execute(EngineExecutionOrchestrator.java:169)
at org.junit.platform.launcher.core.EngineExecutionOrchestrator.execute(EngineExecutionOrchestrator.java:93)
at org.junit.platform.launcher.core.EngineExecutionOrchestrator.lambda$execute$0(EngineExecutionOrchestrator.java:58)
at org.junit.platform.launcher.core.EngineExecutionOrchestrator.withInterceptedStreams(EngineExecutionOrchestrator.java:141)
at org.junit.platform.launcher.core.EngineExecutionOrchestrator.execute(EngineExecutionOrchestrator.java:57)
at org.junit.platform.launcher.core.DefaultLauncher.execute(DefaultLauncher.java:103)
at org.junit.platform.launcher.core.DefaultLauncher.execute(DefaultLauncher.java:85)
at org.junit.platform.launcher.core.DelegatingLauncher.execute(DelegatingLauncher.java:47)
at org.gradle.api.internal.tasks.testing.junitplatform.JUnitPlatformTestClassProcessor$CollectAllTestClassesExecutor.processAllTestClasses(JUnitPlatformTestClassProcessor.java:124)
at org.gradle.api.internal.tasks.testing.junitplatform.JUnitPlatformTestClassProcessor$CollectAllTestClassesExecutor.access$000(JUnitPlatformTestClassProcessor.java:99)
at org.gradle.api.internal.tasks.testing.junitplatform.JUnitPlatformTestClassProcessor.stop(JUnitPlatformTestClassProcessor.java:94)
at org.gradle.api.internal.tasks.testing.SuiteTestClassProcessor.stop(SuiteTestClassProcessor.java:63)
at java.base/jdk.internal.reflect.NativeMethodAccessorImpl.invoke0(Native Method)
at java.base/jdk.internal.reflect.NativeMethodAccessorImpl.invoke(NativeMethodAccessorImpl.java:77)
at java.base/jdk.internal.reflect.DelegatingMethodAccessorImpl.invoke(DelegatingMethodAccessorImpl.java:43)
at java.base/java.lang.reflect.Method.invoke(Method.java:569)
at org.gradle.internal.dispatch.ReflectionDispatch.dispatch(ReflectionDispatch.java:36)
at org.gradle.internal.dispatch.ReflectionDispatch.dispatch(ReflectionDispatch.java:24)
at org.gradle.internal.dispatch.ContextClassLoaderDispatch.dispatch(ContextClassLoaderDispatch.java:33)
at org.gradle.internal.dispatch.ProxyDispatchAdapter$DispatchingInvocationHandler.invoke(ProxyDispatchAdapter.java:92)
at jdk.proxy1/jdk.proxy1.$Proxy4.stop(Unknown Source)
at org.gradle.api.internal.tasks.testing.worker.TestWorker$3.run(TestWorker.java:200)
at org.gradle.api.internal.tasks.testing.worker.TestWorker.executeAndMaintainThreadName(TestWorker.java:132)
at org.gradle.api.internal.tasks.testing.worker.TestWorker.execute(TestWorker.java:103)
at org.gradle.api.internal.tasks.testing.worker.TestWorker.execute(TestWorker.java:63)
at org.gradle.process.internal.worker.child.ActionExecutionWorker.execute(ActionExecutionWorker.java:56)
at org.gradle.process.internal.worker.child.SystemApplicationClassLoaderWorker.call(SystemApplicationClassLoaderWorker.java:121)
at org.gradle.process.internal.worker.child.SystemApplicationClassLoaderWorker.call(SystemApplicationClassLoaderWorker.java:71)
at worker.org.gradle.process.internal.worker.GradleWorkerMain.run(GradleWorkerMain.java:69)
at worker.org.gradle.process.internal.worker.GradleWorkerMain.main(GradleWorkerMain.java:74)
2025-06-01T16:21:45.677+09:00 TRACE 6832 --- [    Test worker] eGlobalAuthenticationAutowiredConfigurer : Eagerly initializing {securityConfig=com.ssginc8.docto.auth.config.SecurityConfig$$SpringCGLIB$$0@52e7bed1}
2025-06-01T16:21:45.702+09:00  INFO 6832 --- [    Test worker] r$InitializeUserDetailsManagerConfigurer : Global AuthenticationManager configured with UserDetailsService bean with name userDetailService
2025-06-01T16:21:46.504+09:00 DEBUG 6832 --- [    Test worker] o.s.s.web.DefaultSecurityFilterChain     : Will secure any request with filters: DisableEncodeUrlFilter, WebAsyncManagerIntegrationFilter, SecurityContextHolderFilter, HeaderWriterFilter, LogoutFilter, OAuth2AuthorizationRequestRedirectFilter, OAuth2LoginAuthenticationFilter, TokenAuthenticationFilter, RequestCacheAwareFilter, SecurityContextHolderAwareRequestFilter, AnonymousAuthenticationFilter, ExceptionTranslationFilter, AuthorizationFilter
2025-06-01T16:21:47.574+09:00  INFO 6832 --- [    Test worker] c.s.d.a.c.AppointmentControllerTest      : Started AppointmentControllerTest in 17.427 seconds (process running for 19.62)
2025-06-01T16:21:48.394+09:00  INFO 6832 --- [    Test worker] o.s.b.t.m.w.SpringBootMockServletContext : Initializing Spring TestDispatcherServlet ''
2025-06-01T16:21:48.394+09:00  INFO 6832 --- [    Test worker] o.s.t.web.servlet.TestDispatcherServlet  : Initializing Servlet ''
2025-06-01T16:21:48.396+09:00  INFO 6832 --- [    Test worker] o.s.t.web.servlet.TestDispatcherServlet  : Completed initialization in 2 ms
Hibernate: 
    insert 
    into
        tbl_user
        (address, created_at, deleted_at, email, is_suspended, login_type, name, password, penalty, phone, file_id, provider_id, role, suspended_at, suspension_expires_at, updated_at, uuid) 
    values
        (?, ?, ?, ?, ?, ?, ?, ?, ?, ?, ?, ?, ?, ?, ?, ?, ?)
2025-06-01T16:21:48.873+09:00  INFO 6832 --- [    Test worker] c.s.d.g.error.GlobalExceptionHandler     : =============================================
2025-06-01T16:21:48.877+09:00  INFO 6832 --- [    Test worker] c.s.d.g.error.GlobalExceptionHandler     : ErrorResponse(message=서버 에러가 발생했습니다., code=G_002)

MockHttpServletRequest:
      HTTP Method = GET
      Request URI = /api/v1/users/me/appointments
       Parameters = {}
          Headers = [Cookie:"accessToken=eyJ0eXAiOiJKV1QiLCJhbGciOiJIUzI1NiJ9.eyJpc3MiOiJkb2N0b3VzZXIiLCJpYXQiOjE3NDg3NjI1MDgsImV4cCI6MTc0ODc2MzQwOCwic3ViIjoiMWZiMGRjY2QtNzc2OS00MDBlLTlhY2ItZWZlNmFjMDY4NmI2Iiwicm9sZSI6IlJPTEVfSE9TUElUQUxfQURNSU4ifQ.nQY66gqDVLf1UFcswk3TDaNqjhSHXg6cVGTM7WkKqB8; refreshToken=eyJ0eXAiOiJKV1QiLCJhbGciOiJIUzI1NiJ9.eyJpc3MiOiJkb2N0b3VzZXIiLCJpYXQiOjE3NDg3NjI1MDgsImV4cCI6MTc0OTM2NzMwOCwic3ViIjoiMWZiMGRjY2QtNzc2OS00MDBlLTlhY2ItZWZlNmFjMDY4NmI2In0.p_XWXPKJ-cklX8x4JUwvqzugjSn2n6AqnQVVFtlBaZ0"]
             Body = null
    Session Attrs = {}

Handler:
             Type = com.ssginc8.docto.appointment.controller.AppointmentController
           Method = com.ssginc8.docto.appointment.controller.AppointmentController#getMyAppointmentList(Pageable)

Async:
    Async started = false
     Async result = null

Resolved Exception:
             Type = java.lang.NullPointerException

ModelAndView:
        View name = null
             View = null
            Model = null

FlashMap:
       Attributes = null

MockHttpServletResponse:
           Status = 500
    Error message = null
          Headers = [Content-Type:"application/json;charset=UTF-8"]
     Content type = application/json;charset=UTF-8
             Body = {"message":"서버 에러가 발생했습니다.","code":"G_002"}
    Forwarded URL = null
   Redirected URL = null
          Cookies = []
]]></system-out>
  <system-err><![CDATA[java.lang.NullPointerException: Cannot invoke "org.springframework.security.core.Authentication.getName()" because the return value of "org.springframework.security.core.context.SecurityContext.getAuthentication()" is null
	at com.ssginc8.docto.user.service.UserServiceImpl.getUserFromUuid(UserServiceImpl.java:285)
	at java.base/jdk.internal.reflect.NativeMethodAccessorImpl.invoke0(Native Method)
	at java.base/jdk.internal.reflect.NativeMethodAccessorImpl.invoke(NativeMethodAccessorImpl.java:77)
	at java.base/jdk.internal.reflect.DelegatingMethodAccessorImpl.invoke(DelegatingMethodAccessorImpl.java:43)
	at java.base/java.lang.reflect.Method.invoke(Method.java:569)
	at org.springframework.aop.support.AopUtils.invokeJoinpointUsingReflection(AopUtils.java:359)
	at org.springframework.aop.framework.CglibAopProxy$DynamicAdvisedInterceptor.intercept(CglibAopProxy.java:724)
	at com.ssginc8.docto.user.service.UserServiceImpl$$SpringCGLIB$$0.getUserFromUuid(<generated>)
	at com.ssginc8.docto.appointment.service.AppointmentServiceImpl.getAppointmentsByLoginUser(AppointmentServiceImpl.java:72)
	at java.base/jdk.internal.reflect.NativeMethodAccessorImpl.invoke0(Native Method)
	at java.base/jdk.internal.reflect.NativeMethodAccessorImpl.invoke(NativeMethodAccessorImpl.java:77)
	at java.base/jdk.internal.reflect.DelegatingMethodAccessorImpl.invoke(DelegatingMethodAccessorImpl.java:43)
	at java.base/java.lang.reflect.Method.invoke(Method.java:569)
	at org.springframework.aop.support.AopUtils.invokeJoinpointUsingReflection(AopUtils.java:359)
	at org.springframework.aop.framework.CglibAopProxy$DynamicAdvisedInterceptor.intercept(CglibAopProxy.java:724)
	at com.ssginc8.docto.appointment.service.AppointmentServiceImpl$$SpringCGLIB$$0.getAppointmentsByLoginUser(<generated>)
	at com.ssginc8.docto.appointment.controller.AppointmentController.getMyAppointmentList(AppointmentController.java:93)
	at java.base/jdk.internal.reflect.NativeMethodAccessorImpl.invoke0(Native Method)
	at java.base/jdk.internal.reflect.NativeMethodAccessorImpl.invoke(NativeMethodAccessorImpl.java:77)
	at java.base/jdk.internal.reflect.DelegatingMethodAccessorImpl.invoke(DelegatingMethodAccessorImpl.java:43)
	at java.base/java.lang.reflect.Method.invoke(Method.java:569)
	at org.springframework.web.method.support.InvocableHandlerMethod.doInvoke(InvocableHandlerMethod.java:258)
	at org.springframework.web.method.support.InvocableHandlerMethod.invokeForRequest(InvocableHandlerMethod.java:191)
	at org.springframework.web.servlet.mvc.method.annotation.ServletInvocableHandlerMethod.invokeAndHandle(ServletInvocableHandlerMethod.java:118)
	at org.springframework.web.servlet.mvc.method.annotation.RequestMappingHandlerAdapter.invokeHandlerMethod(RequestMappingHandlerAdapter.java:986)
	at org.springframework.web.servlet.mvc.method.annotation.RequestMappingHandlerAdapter.handleInternal(RequestMappingHandlerAdapter.java:891)
	at org.springframework.web.servlet.mvc.method.AbstractHandlerMethodAdapter.handle(AbstractHandlerMethodAdapter.java:87)
	at org.springframework.web.servlet.DispatcherServlet.doDispatch(DispatcherServlet.java:1089)
	at org.springframework.web.servlet.DispatcherServlet.doService(DispatcherServlet.java:979)
	at org.springframework.web.servlet.FrameworkServlet.processRequest(FrameworkServlet.java:1014)
	at org.springframework.web.servlet.FrameworkServlet.doGet(FrameworkServlet.java:903)
	at jakarta.servlet.http.HttpServlet.service(HttpServlet.java:527)
	at org.springframework.web.servlet.FrameworkServlet.service(FrameworkServlet.java:885)
	at org.springframework.test.web.servlet.TestDispatcherServlet.service(TestDispatcherServlet.java:72)
	at jakarta.servlet.http.HttpServlet.service(HttpServlet.java:614)
	at org.springframework.mock.web.MockFilterChain$ServletFilterProxy.doFilter(MockFilterChain.java:165)
	at org.springframework.mock.web.MockFilterChain.doFilter(MockFilterChain.java:132)
	at org.springframework.web.filter.CharacterEncodingFilter.doFilterInternal(CharacterEncodingFilter.java:201)
	at org.springframework.web.filter.OncePerRequestFilter.doFilter(OncePerRequestFilter.java:116)
	at org.springframework.mock.web.MockFilterChain.doFilter(MockFilterChain.java:132)
	at org.springframework.test.web.servlet.MockMvc.perform(MockMvc.java:201)
	at com.ssginc8.docto.appointment.controller.AppointmentControllerTest.getMyAppointmentList(AppointmentControllerTest.java:187)
	at java.base/jdk.internal.reflect.NativeMethodAccessorImpl.invoke0(Native Method)
	at java.base/jdk.internal.reflect.NativeMethodAccessorImpl.invoke(NativeMethodAccessorImpl.java:77)
	at java.base/jdk.internal.reflect.DelegatingMethodAccessorImpl.invoke(DelegatingMethodAccessorImpl.java:43)
	at java.base/java.lang.reflect.Method.invoke(Method.java:569)
	at org.junit.platform.commons.util.ReflectionUtils.invokeMethod(ReflectionUtils.java:767)
	at org.junit.jupiter.engine.execution.MethodInvocation.proceed(MethodInvocation.java:60)
	at org.junit.jupiter.engine.execution.InvocationInterceptorChain$ValidatingInvocation.proceed(InvocationInterceptorChain.java:131)
	at org.junit.jupiter.engine.extension.TimeoutExtension.intercept(TimeoutExtension.java:156)
	at org.junit.jupiter.engine.extension.TimeoutExtension.interceptTestableMethod(TimeoutExtension.java:147)
	at org.junit.jupiter.engine.extension.TimeoutExtension.interceptTestMethod(TimeoutExtension.java:86)
	at org.junit.jupiter.engine.execution.InterceptingExecutableInvoker$ReflectiveInterceptorCall.lambda$ofVoidMethod$0(InterceptingExecutableInvoker.java:103)
	at org.junit.jupiter.engine.execution.InterceptingExecutableInvoker.lambda$invoke$0(InterceptingExecutableInvoker.java:93)
	at org.junit.jupiter.engine.execution.InvocationInterceptorChain$InterceptedInvocation.proceed(InvocationInterceptorChain.java:106)
	at org.junit.jupiter.engine.execution.InvocationInterceptorChain.proceed(InvocationInterceptorChain.java:64)
	at org.junit.jupiter.engine.execution.InvocationInterceptorChain.chainAndInvoke(InvocationInterceptorChain.java:45)
	at org.junit.jupiter.engine.execution.InvocationInterceptorChain.invoke(InvocationInterceptorChain.java:37)
	at org.junit.jupiter.engine.execution.InterceptingExecutableInvoker.invoke(InterceptingExecutableInvoker.java:92)
	at org.junit.jupiter.engine.execution.InterceptingExecutableInvoker.invoke(InterceptingExecutableInvoker.java:86)
	at org.junit.jupiter.engine.descriptor.TestMethodTestDescriptor.lambda$invokeTestMethod$8(TestMethodTestDescriptor.java:217)
	at org.junit.platform.engine.support.hierarchical.ThrowableCollector.execute(ThrowableCollector.java:73)
	at org.junit.jupiter.engine.descriptor.TestMethodTestDescriptor.invokeTestMethod(TestMethodTestDescriptor.java:213)
	at org.junit.jupiter.engine.descriptor.TestMethodTestDescriptor.execute(TestMethodTestDescriptor.java:138)
	at org.junit.jupiter.engine.descriptor.TestMethodTestDescriptor.execute(TestMethodTestDescriptor.java:68)
	at org.junit.platform.engine.support.hierarchical.NodeTestTask.lambda$executeRecursively$6(NodeTestTask.java:156)
	at org.junit.platform.engine.support.hierarchical.ThrowableCollector.execute(ThrowableCollector.java:73)
	at org.junit.platform.engine.support.hierarchical.NodeTestTask.lambda$executeRecursively$8(NodeTestTask.java:146)
	at org.junit.platform.engine.support.hierarchical.Node.around(Node.java:137)
	at org.junit.platform.engine.support.hierarchical.NodeTestTask.lambda$executeRecursively$9(NodeTestTask.java:144)
	at org.junit.platform.engine.support.hierarchical.ThrowableCollector.execute(ThrowableCollector.java:73)
	at org.junit.platform.engine.support.hierarchical.NodeTestTask.executeRecursively(NodeTestTask.java:143)
	at org.junit.platform.engine.support.hierarchical.NodeTestTask.execute(NodeTestTask.java:100)
	at java.base/java.util.ArrayList.forEach(ArrayList.java:1511)
	at org.junit.platform.engine.support.hierarchical.SameThreadHierarchicalTestExecutorService.invokeAll(SameThreadHierarchicalTestExecutorService.java:41)
	at org.junit.platform.engine.support.hierarchical.NodeTestTask.lambda$executeRecursively$6(NodeTestTask.java:160)
	at org.junit.platform.engine.support.hierarchical.ThrowableCollector.execute(ThrowableCollector.java:73)
	at org.junit.platform.engine.support.hierarchical.NodeTestTask.lambda$executeRecursively$8(NodeTestTask.java:146)
	at org.junit.platform.engine.support.hierarchical.Node.around(Node.java:137)
	at org.junit.platform.engine.support.hierarchical.NodeTestTask.lambda$executeRecursively$9(NodeTestTask.java:144)
	at org.junit.platform.engine.support.hierarchical.ThrowableCollector.execute(ThrowableCollector.java:73)
	at org.junit.platform.engine.support.hierarchical.NodeTestTask.executeRecursively(NodeTestTask.java:143)
	at org.junit.platform.engine.support.hierarchical.NodeTestTask.execute(NodeTestTask.java:100)
	at java.base/java.util.ArrayList.forEach(ArrayList.java:1511)
	at org.junit.platform.engine.support.hierarchical.SameThreadHierarchicalTestExecutorService.invokeAll(SameThreadHierarchicalTestExecutorService.java:41)
	at org.junit.platform.engine.support.hierarchical.NodeTestTask.lambda$executeRecursively$6(NodeTestTask.java:160)
	at org.junit.platform.engine.support.hierarchical.ThrowableCollector.execute(ThrowableCollector.java:73)
	at org.junit.platform.engine.support.hierarchical.NodeTestTask.lambda$executeRecursively$8(NodeTestTask.java:146)
	at org.junit.platform.engine.support.hierarchical.Node.around(Node.java:137)
	at org.junit.platform.engine.support.hierarchical.NodeTestTask.lambda$executeRecursively$9(NodeTestTask.java:144)
	at org.junit.platform.engine.support.hierarchical.ThrowableCollector.execute(ThrowableCollector.java:73)
	at org.junit.platform.engine.support.hierarchical.NodeTestTask.executeRecursively(NodeTestTask.java:143)
	at org.junit.platform.engine.support.hierarchical.NodeTestTask.execute(NodeTestTask.java:100)
	at org.junit.platform.engine.support.hierarchical.SameThreadHierarchicalTestExecutorService.submit(SameThreadHierarchicalTestExecutorService.java:35)
	at org.junit.platform.engine.support.hierarchical.HierarchicalTestExecutor.execute(HierarchicalTestExecutor.java:57)
	at org.junit.platform.engine.support.hierarchical.HierarchicalTestEngine.execute(HierarchicalTestEngine.java:54)
	at org.junit.platform.launcher.core.EngineExecutionOrchestrator.execute(EngineExecutionOrchestrator.java:198)
	at org.junit.platform.launcher.core.EngineExecutionOrchestrator.execute(EngineExecutionOrchestrator.java:169)
	at org.junit.platform.launcher.core.EngineExecutionOrchestrator.execute(EngineExecutionOrchestrator.java:93)
	at org.junit.platform.launcher.core.EngineExecutionOrchestrator.lambda$execute$0(EngineExecutionOrchestrator.java:58)
	at org.junit.platform.launcher.core.EngineExecutionOrchestrator.withInterceptedStreams(EngineExecutionOrchestrator.java:141)
	at org.junit.platform.launcher.core.EngineExecutionOrchestrator.execute(EngineExecutionOrchestrator.java:57)
	at org.junit.platform.launcher.core.DefaultLauncher.execute(DefaultLauncher.java:103)
	at org.junit.platform.launcher.core.DefaultLauncher.execute(DefaultLauncher.java:85)
	at org.junit.platform.launcher.core.DelegatingLauncher.execute(DelegatingLauncher.java:47)
	at org.gradle.api.internal.tasks.testing.junitplatform.JUnitPlatformTestClassProcessor$CollectAllTestClassesExecutor.processAllTestClasses(JUnitPlatformTestClassProcessor.java:124)
	at org.gradle.api.internal.tasks.testing.junitplatform.JUnitPlatformTestClassProcessor$CollectAllTestClassesExecutor.access$000(JUnitPlatformTestClassProcessor.java:99)
	at org.gradle.api.internal.tasks.testing.junitplatform.JUnitPlatformTestClassProcessor.stop(JUnitPlatformTestClassProcessor.java:94)
	at org.gradle.api.internal.tasks.testing.SuiteTestClassProcessor.stop(SuiteTestClassProcessor.java:63)
	at java.base/jdk.internal.reflect.NativeMethodAccessorImpl.invoke0(Native Method)
	at java.base/jdk.internal.reflect.NativeMethodAccessorImpl.invoke(NativeMethodAccessorImpl.java:77)
	at java.base/jdk.internal.reflect.DelegatingMethodAccessorImpl.invoke(DelegatingMethodAccessorImpl.java:43)
	at java.base/java.lang.reflect.Method.invoke(Method.java:569)
	at org.gradle.internal.dispatch.ReflectionDispatch.dispatch(ReflectionDispatch.java:36)
	at org.gradle.internal.dispatch.ReflectionDispatch.dispatch(ReflectionDispatch.java:24)
	at org.gradle.internal.dispatch.ContextClassLoaderDispatch.dispatch(ContextClassLoaderDispatch.java:33)
	at org.gradle.internal.dispatch.ProxyDispatchAdapter$DispatchingInvocationHandler.invoke(ProxyDispatchAdapter.java:92)
	at jdk.proxy1/jdk.proxy1.$Proxy4.stop(Unknown Source)
	at org.gradle.api.internal.tasks.testing.worker.TestWorker$3.run(TestWorker.java:200)
	at org.gradle.api.internal.tasks.testing.worker.TestWorker.executeAndMaintainThreadName(TestWorker.java:132)
	at org.gradle.api.internal.tasks.testing.worker.TestWorker.execute(TestWorker.java:103)
	at org.gradle.api.internal.tasks.testing.worker.TestWorker.execute(TestWorker.java:63)
	at org.gradle.process.internal.worker.child.ActionExecutionWorker.execute(ActionExecutionWorker.java:56)
	at org.gradle.process.internal.worker.child.SystemApplicationClassLoaderWorker.call(SystemApplicationClassLoaderWorker.java:121)
	at org.gradle.process.internal.worker.child.SystemApplicationClassLoaderWorker.call(SystemApplicationClassLoaderWorker.java:71)
	at worker.org.gradle.process.internal.worker.GradleWorkerMain.run(GradleWorkerMain.java:69)
	at worker.org.gradle.process.internal.worker.GradleWorkerMain.main(GradleWorkerMain.java:74)
]]></system-err>
</testsuite>
