<?xml version="1.0" encoding="UTF-8"?>
<testsuite name="com.ssginc8.docto.DoctoApplicationTests" tests="1" skipped="0" failures="0" errors="0" timestamp="2025-05-26T02:15:42.526Z" hostname="WIN-OJI72659EU9" time="0.003">
  <properties/>
  <testcase name="contextLoads()" classname="com.ssginc8.docto.DoctoApplicationTests" time="0.003"/>
  <system-out><![CDATA[2025-05-26T11:15:41.137+09:00  INFO 20900 --- [    Test worker] t.c.s.AnnotationConfigContextLoaderUtils : Could not detect default configuration classes for test class [com.ssginc8.docto.DoctoApplicationTests]: DoctoApplicationTests does not declare any static, non-private, non-final, nested classes annotated with @Configuration.
2025-05-26T11:15:41.148+09:00  INFO 20900 --- [    Test worker] .b.t.c.SpringBootTestContextBootstrapper : Found @SpringBootConfiguration com.ssginc8.docto.DoctoApplication for test class com.ssginc8.docto.DoctoApplicationTests

  .   ____          _            __ _ _
 /\\ / ___'_ __ _ _(_)_ __  __ _ \ \ \ \
( ( )\___ | '_ | '_| | '_ \/ _` | \ \ \ \
 \\/  ___)| |_)| | | | | || (_| |  ) ) ) )
  '  |____| .__|_| |_|_| |_\__, | / / / /
 =========|_|==============|___/=/_/_/_/

 :: Spring Boot ::                (v3.4.5)

2025-05-26T11:15:41.168+09:00  INFO 20900 --- [    Test worker] c.ssginc8.docto.DoctoApplicationTests    : Starting DoctoApplicationTests using Java 17.0.13 with PID 20900 (started by pizza in C:\backend-project)
2025-05-26T11:15:41.169+09:00 DEBUG 20900 --- [    Test worker] c.ssginc8.docto.DoctoApplicationTests    : Running with Spring Boot v3.4.5, Spring v6.2.6
2025-05-26T11:15:41.169+09:00  INFO 20900 --- [    Test worker] c.ssginc8.docto.DoctoApplicationTests    : No active profile set, falling back to 1 default profile: "default"
2025-05-26T11:15:41.301+09:00  INFO 20900 --- [    Test worker] .s.d.r.c.RepositoryConfigurationDelegate : Bootstrapping Spring Data JPA repositories in DEFAULT mode.
2025-05-26T11:15:41.317+09:00  INFO 20900 --- [    Test worker] .s.d.r.c.RepositoryConfigurationDelegate : Finished Spring Data repository scanning in 15 ms. Found 2 JPA repository interfaces.
2025-05-26T11:15:41.419+09:00  INFO 20900 --- [    Test worker] o.hibernate.jpa.internal.util.LogHelper  : HHH000204: Processing PersistenceUnitInfo [name: default]
2025-05-26T11:15:41.422+09:00  INFO 20900 --- [    Test worker] o.h.c.internal.RegionFactoryInitiator    : HHH000026: Second-level cache disabled
2025-05-26T11:15:41.440+09:00  INFO 20900 --- [    Test worker] o.s.o.j.p.SpringPersistenceUnitInfo      : No LoadTimeWeaver setup: ignoring JPA class transformer
2025-05-26T11:15:41.441+09:00  INFO 20900 --- [    Test worker] com.zaxxer.hikari.HikariDataSource       : HikariPool-2 - Starting...
2025-05-26T11:15:41.494+09:00  INFO 20900 --- [    Test worker] com.zaxxer.hikari.pool.HikariPool        : HikariPool-2 - Added connection org.postgresql.jdbc.PgConnection@24ed4582
2025-05-26T11:15:41.495+09:00  INFO 20900 --- [    Test worker] com.zaxxer.hikari.HikariDataSource       : HikariPool-2 - Start completed.
2025-05-26T11:15:41.501+09:00  WARN 20900 --- [    Test worker] org.hibernate.orm.deprecation            : HHH90000025: PostgreSQLDialect does not need to be specified explicitly using 'hibernate.dialect' (remove the property setting and it will be selected by default)
2025-05-26T11:15:41.502+09:00  INFO 20900 --- [    Test worker] org.hibernate.orm.connections.pooling    : HHH10001005: Database info:
	Database JDBC URL [Connecting through datasource 'HikariDataSource (HikariPool-2)']
	Database driver: undefined/unknown
	Database version: 17.5
	Autocommit mode: undefined/unknown
	Isolation level: undefined/unknown
	Minimum pool size: undefined/unknown
	Maximum pool size: undefined/unknown
2025-05-26T11:15:41.672+09:00  INFO 20900 --- [    Test worker] o.h.e.t.j.p.i.JtaPlatformInitiator       : HHH000489: No JTA platform available (set 'hibernate.transaction.jta.platform' to enable JTA platform integration)
2025-05-26T11:15:42.323+09:00  INFO 20900 --- [    Test worker] j.LocalContainerEntityManagerFactoryBean : Initialized JPA EntityManagerFactory for persistence unit 'default'
2025-05-26T11:15:42.371+09:00  WARN 20900 --- [    Test worker] JpaBaseConfiguration$JpaWebConfiguration : spring.jpa.open-in-view is enabled by default. Therefore, database queries may be performed during view rendering. Explicitly configure spring.jpa.open-in-view to disable this warning
2025-05-26T11:15:42.377+09:00 TRACE 20900 --- [    Test worker] eGlobalAuthenticationAutowiredConfigurer : Eagerly initializing {org.springframework.boot.autoconfigure.security.servlet.SpringBootWebSecurityConfiguration$WebSecurityEnablerConfiguration=org.springframework.boot.autoconfigure.security.servlet.SpringBootWebSecurityConfiguration$WebSecurityEnablerConfiguration@27afeede}
2025-05-26T11:15:42.378+09:00  WARN 20900 --- [    Test worker] .s.s.UserDetailsServiceAutoConfiguration : 

Using generated security password: e6b42f71-401f-4e9c-bb63-c2b9d7fb8cf5

This generated password is for development use only. Your security configuration must be updated before running your application in production.

2025-05-26T11:15:42.380+09:00  INFO 20900 --- [    Test worker] r$InitializeUserDetailsManagerConfigurer : Global AuthenticationManager configured with UserDetailsService bean with name inMemoryUserDetailsManager
2025-05-26T11:15:42.449+09:00 DEBUG 20900 --- [    Test worker] o.s.s.web.DefaultSecurityFilterChain     : Will secure any request with filters: DisableEncodeUrlFilter, WebAsyncManagerIntegrationFilter, SecurityContextHolderFilter, HeaderWriterFilter, LogoutFilter, RequestCacheAwareFilter, SecurityContextHolderAwareRequestFilter, AnonymousAuthenticationFilter, ExceptionTranslationFilter, AuthorizationFilter
2025-05-26T11:15:42.525+09:00  INFO 20900 --- [    Test worker] c.ssginc8.docto.DoctoApplicationTests    : Started DoctoApplicationTests in 1.375 seconds (process running for 9.199)
]]></system-out>
  <system-err><![CDATA[]]></system-err>
</testsuite>
