<?xml version="1.0" encoding="UTF-8"?>
<testsuite name="com.ssginc8.docto.medication.controller.MedicationControllerTest" tests="5" skipped="0" failures="0" errors="0" timestamp="2025-06-01T11:30:34.508Z" hostname="WIN-OJI72659EU9" time="0.557">
  <properties/>
  <testcase name="복약 스케줄 등록" classname="com.ssginc8.docto.medication.controller.MedicationControllerTest" time="0.189"/>
  <testcase name="복약 완료 처리" classname="com.ssginc8.docto.medication.controller.MedicationControllerTest" time="0.1"/>
  <testcase name="복약 시간 수정" classname="com.ssginc8.docto.medication.controller.MedicationControllerTest" time="0.082"/>
  <testcase name="복약 스케줄 삭제" classname="com.ssginc8.docto.medication.controller.MedicationControllerTest" time="0.058"/>
  <testcase name="복약 로그 조회" classname="com.ssginc8.docto.medication.controller.MedicationControllerTest" time="0.125"/>
  <system-out><![CDATA[2025-06-01T20:30:34.478+09:00  INFO 1856 --- [    Test worker] t.c.s.AnnotationConfigContextLoaderUtils : Could not detect default configuration classes for test class [com.ssginc8.docto.medication.controller.MedicationControllerTest]: MedicationControllerTest does not declare any static, non-private, non-final, nested classes annotated with @Configuration.
2025-06-01T20:30:34.504+09:00  INFO 1856 --- [    Test worker] .b.t.c.SpringBootTestContextBootstrapper : Found @SpringBootConfiguration com.ssginc8.docto.DoctoApplication for test class com.ssginc8.docto.medication.controller.MedicationControllerTest
2025-06-01T20:30:34.512+09:00  INFO 1856 --- [    Test worker] o.s.b.t.m.w.SpringBootMockServletContext : Initializing Spring TestDispatcherServlet ''
2025-06-01T20:30:34.512+09:00  INFO 1856 --- [    Test worker] o.s.t.web.servlet.TestDispatcherServlet  : Initializing Servlet ''
2025-06-01T20:30:34.513+09:00  INFO 1856 --- [    Test worker] o.s.t.web.servlet.TestDispatcherServlet  : Completed initialization in 1 ms
Hibernate: 
    select
        ml1_0.medication_log_id,
        ml1_0.created_at,
        ml1_0.deleted_at,
        ml1_0.medication_id,
        ml1_0.medication_alert_time_id,
        ml1_0.status,
        ml1_0.time_to_take,
        ml1_0.updated_at 
    from
        tbl_medication_log ml1_0
Hibernate: 
    delete 
    from
        tbl_medication_log 
    where
        medication_log_id=?
Hibernate: 
    select
        mad1_0.medication_alert_day_id,
        mad1_0.created_at,
        mad1_0.day_of_week,
        mad1_0.deleted_at,
        mad1_0.medication_alert_time_id,
        mad1_0.updated_at 
    from
        tbl_medication_alert_day mad1_0
Hibernate: 
    delete 
    from
        tbl_medication_alert_day 
    where
        medication_alert_day_id=?
Hibernate: 
    delete 
    from
        tbl_medication_alert_day 
    where
        medication_alert_day_id=?
Hibernate: 
    select
        mat1_0.medication_alert_time_id,
        mat1_0.created_at,
        mat1_0.deleted_at,
        mat1_0.medication_id,
        mat1_0.time_to_take,
        mat1_0.updated_at 
    from
        tbl_medication_alert_time mat1_0
Hibernate: 
    select
        ad1_0.medication_alert_time_id,
        ad1_0.medication_alert_day_id,
        ad1_0.created_at,
        ad1_0.day_of_week,
        ad1_0.deleted_at,
        ad1_0.updated_at 
    from
        tbl_medication_alert_day ad1_0 
    where
        ad1_0.medication_alert_time_id=?
Hibernate: 
    delete 
    from
        tbl_medication_alert_time 
    where
        medication_alert_time_id=?
Hibernate: 
    select
        mi1_0.medication_id,
        mi1_0.created_at,
        mi1_0.deleted_at,
        mi1_0.medication_name,
        mi1_0.patient_guardian_id,
        mi1_0.updated_at,
        mi1_0.user_id 
    from
        tbl_medication_information mi1_0
Hibernate: 
    select
        at1_0.medication_id,
        at1_0.medication_alert_time_id,
        at1_0.created_at,
        at1_0.deleted_at,
        at1_0.time_to_take,
        at1_0.updated_at 
    from
        tbl_medication_alert_time at1_0 
    where
        at1_0.medication_id=?
Hibernate: 
    delete 
    from
        tbl_medication_information 
    where
        medication_id=?
Hibernate: 
    select
        pg1_0.patient_guardian_id,
        pg1_0.created_at,
        pg1_0.deleted_at,
        pg1_0.invite_code,
        pg1_0.invited_at,
        pg1_0.patient_id,
        pg1_0.responded_at,
        pg1_0.status,
        pg1_0.updated_at,
        pg1_0.user_id 
    from
        tbl_patient_guardian pg1_0
Hibernate: 
    select
        p1_0.patient_id,
        p1_0.created_at,
        p1_0.deleted_at,
        p1_0.resident_registration_number,
        p1_0.updated_at,
        p1_0.user_id 
    from
        tbl_patient p1_0
Hibernate: 
    select
        u1_0.user_id,
        u1_0.address,
        u1_0.created_at,
        u1_0.deleted_at,
        u1_0.email,
        u1_0.is_suspended,
        u1_0.login_type,
        u1_0.name,
        u1_0.password,
        u1_0.penalty,
        u1_0.phone,
        u1_0.file_id,
        u1_0.provider_id,
        u1_0.role,
        u1_0.suspended_at,
        u1_0.suspension_expires_at,
        u1_0.updated_at,
        u1_0.uuid 
    from
        tbl_user u1_0
Hibernate: 
    delete 
    from
        tbl_user 
    where
        user_id=?
Hibernate: 
    insert 
    into
        tbl_user
        (address, created_at, deleted_at, email, is_suspended, login_type, name, password, penalty, phone, file_id, provider_id, role, suspended_at, suspension_expires_at, updated_at, uuid) 
    values
        (?, ?, ?, ?, ?, ?, ?, ?, ?, ?, ?, ?, ?, ?, ?, ?, ?)
Hibernate: 
    insert 
    into
        tbl_medication_information
        (created_at, deleted_at, medication_name, patient_guardian_id, updated_at, user_id) 
    values
        (?, ?, ?, ?, ?, ?)
Hibernate: 
    insert 
    into
        tbl_medication_alert_time
        (created_at, deleted_at, medication_id, time_to_take, updated_at) 
    values
        (?, ?, ?, ?, ?)
Hibernate: 
    insert 
    into
        tbl_medication_alert_day
        (created_at, day_of_week, deleted_at, medication_alert_time_id, updated_at) 
    values
        (?, ?, ?, ?, ?)
Hibernate: 
    insert 
    into
        tbl_medication_alert_day
        (created_at, day_of_week, deleted_at, medication_alert_time_id, updated_at) 
    values
        (?, ?, ?, ?, ?)
Hibernate: 
    insert 
    into
        tbl_medication_log
        (created_at, deleted_at, medication_id, medication_alert_time_id, status, time_to_take, updated_at) 
    values
        (?, ?, ?, ?, ?, ?, ?)
Hibernate: 
    select
        u1_0.user_id,
        u1_0.address,
        u1_0.created_at,
        u1_0.deleted_at,
        u1_0.email,
        u1_0.is_suspended,
        u1_0.login_type,
        u1_0.name,
        u1_0.password,
        u1_0.penalty,
        u1_0.phone,
        u1_0.file_id,
        u1_0.provider_id,
        u1_0.role,
        u1_0.suspended_at,
        u1_0.suspension_expires_at,
        u1_0.updated_at,
        u1_0.uuid 
    from
        tbl_user u1_0 
    where
        u1_0.user_id=?
Hibernate: 
    insert 
    into
        tbl_medication_information
        (created_at, deleted_at, medication_name, patient_guardian_id, updated_at, user_id) 
    values
        (?, ?, ?, ?, ?, ?)
Hibernate: 
    insert 
    into
        tbl_medication_alert_time
        (created_at, deleted_at, medication_id, time_to_take, updated_at) 
    values
        (?, ?, ?, ?, ?)
Hibernate: 
    insert 
    into
        tbl_medication_alert_day
        (created_at, day_of_week, deleted_at, medication_alert_time_id, updated_at) 
    values
        (?, ?, ?, ?, ?)
Hibernate: 
    insert 
    into
        tbl_medication_alert_day
        (created_at, day_of_week, deleted_at, medication_alert_time_id, updated_at) 
    values
        (?, ?, ?, ?, ?)
2025-06-01T20:30:34.701+09:00  INFO 1856 --- [    Test worker] o.s.b.t.m.w.SpringBootMockServletContext : Initializing Spring TestDispatcherServlet ''
2025-06-01T20:30:34.702+09:00  INFO 1856 --- [    Test worker] o.s.t.web.servlet.TestDispatcherServlet  : Initializing Servlet ''
2025-06-01T20:30:34.702+09:00  INFO 1856 --- [    Test worker] o.s.t.web.servlet.TestDispatcherServlet  : Completed initialization in 0 ms
Hibernate: 
    select
        ml1_0.medication_log_id,
        ml1_0.created_at,
        ml1_0.deleted_at,
        ml1_0.medication_id,
        ml1_0.medication_alert_time_id,
        ml1_0.status,
        ml1_0.time_to_take,
        ml1_0.updated_at 
    from
        tbl_medication_log ml1_0
Hibernate: 
    delete 
    from
        tbl_medication_log 
    where
        medication_log_id=?
Hibernate: 
    select
        mad1_0.medication_alert_day_id,
        mad1_0.created_at,
        mad1_0.day_of_week,
        mad1_0.deleted_at,
        mad1_0.medication_alert_time_id,
        mad1_0.updated_at 
    from
        tbl_medication_alert_day mad1_0
Hibernate: 
    delete 
    from
        tbl_medication_alert_day 
    where
        medication_alert_day_id=?
Hibernate: 
    delete 
    from
        tbl_medication_alert_day 
    where
        medication_alert_day_id=?
Hibernate: 
    delete 
    from
        tbl_medication_alert_day 
    where
        medication_alert_day_id=?
Hibernate: 
    delete 
    from
        tbl_medication_alert_day 
    where
        medication_alert_day_id=?
Hibernate: 
    select
        mat1_0.medication_alert_time_id,
        mat1_0.created_at,
        mat1_0.deleted_at,
        mat1_0.medication_id,
        mat1_0.time_to_take,
        mat1_0.updated_at 
    from
        tbl_medication_alert_time mat1_0
Hibernate: 
    select
        ad1_0.medication_alert_time_id,
        ad1_0.medication_alert_day_id,
        ad1_0.created_at,
        ad1_0.day_of_week,
        ad1_0.deleted_at,
        ad1_0.updated_at 
    from
        tbl_medication_alert_day ad1_0 
    where
        ad1_0.medication_alert_time_id=?
Hibernate: 
    select
        ad1_0.medication_alert_time_id,
        ad1_0.medication_alert_day_id,
        ad1_0.created_at,
        ad1_0.day_of_week,
        ad1_0.deleted_at,
        ad1_0.updated_at 
    from
        tbl_medication_alert_day ad1_0 
    where
        ad1_0.medication_alert_time_id=?
Hibernate: 
    delete 
    from
        tbl_medication_alert_time 
    where
        medication_alert_time_id=?
Hibernate: 
    delete 
    from
        tbl_medication_alert_time 
    where
        medication_alert_time_id=?
Hibernate: 
    select
        mi1_0.medication_id,
        mi1_0.created_at,
        mi1_0.deleted_at,
        mi1_0.medication_name,
        mi1_0.patient_guardian_id,
        mi1_0.updated_at,
        mi1_0.user_id 
    from
        tbl_medication_information mi1_0
Hibernate: 
    select
        at1_0.medication_id,
        at1_0.medication_alert_time_id,
        at1_0.created_at,
        at1_0.deleted_at,
        at1_0.time_to_take,
        at1_0.updated_at 
    from
        tbl_medication_alert_time at1_0 
    where
        at1_0.medication_id=?
Hibernate: 
    select
        at1_0.medication_id,
        at1_0.medication_alert_time_id,
        at1_0.created_at,
        at1_0.deleted_at,
        at1_0.time_to_take,
        at1_0.updated_at 
    from
        tbl_medication_alert_time at1_0 
    where
        at1_0.medication_id=?
Hibernate: 
    delete 
    from
        tbl_medication_information 
    where
        medication_id=?
Hibernate: 
    delete 
    from
        tbl_medication_information 
    where
        medication_id=?
Hibernate: 
    select
        pg1_0.patient_guardian_id,
        pg1_0.created_at,
        pg1_0.deleted_at,
        pg1_0.invite_code,
        pg1_0.invited_at,
        pg1_0.patient_id,
        pg1_0.responded_at,
        pg1_0.status,
        pg1_0.updated_at,
        pg1_0.user_id 
    from
        tbl_patient_guardian pg1_0
Hibernate: 
    select
        p1_0.patient_id,
        p1_0.created_at,
        p1_0.deleted_at,
        p1_0.resident_registration_number,
        p1_0.updated_at,
        p1_0.user_id 
    from
        tbl_patient p1_0
Hibernate: 
    select
        u1_0.user_id,
        u1_0.address,
        u1_0.created_at,
        u1_0.deleted_at,
        u1_0.email,
        u1_0.is_suspended,
        u1_0.login_type,
        u1_0.name,
        u1_0.password,
        u1_0.penalty,
        u1_0.phone,
        u1_0.file_id,
        u1_0.provider_id,
        u1_0.role,
        u1_0.suspended_at,
        u1_0.suspension_expires_at,
        u1_0.updated_at,
        u1_0.uuid 
    from
        tbl_user u1_0
Hibernate: 
    delete 
    from
        tbl_user 
    where
        user_id=?
Hibernate: 
    insert 
    into
        tbl_user
        (address, created_at, deleted_at, email, is_suspended, login_type, name, password, penalty, phone, file_id, provider_id, role, suspended_at, suspension_expires_at, updated_at, uuid) 
    values
        (?, ?, ?, ?, ?, ?, ?, ?, ?, ?, ?, ?, ?, ?, ?, ?, ?)
Hibernate: 
    insert 
    into
        tbl_medication_information
        (created_at, deleted_at, medication_name, patient_guardian_id, updated_at, user_id) 
    values
        (?, ?, ?, ?, ?, ?)
Hibernate: 
    insert 
    into
        tbl_medication_alert_time
        (created_at, deleted_at, medication_id, time_to_take, updated_at) 
    values
        (?, ?, ?, ?, ?)
Hibernate: 
    insert 
    into
        tbl_medication_alert_day
        (created_at, day_of_week, deleted_at, medication_alert_time_id, updated_at) 
    values
        (?, ?, ?, ?, ?)
Hibernate: 
    insert 
    into
        tbl_medication_alert_day
        (created_at, day_of_week, deleted_at, medication_alert_time_id, updated_at) 
    values
        (?, ?, ?, ?, ?)
Hibernate: 
    insert 
    into
        tbl_medication_log
        (created_at, deleted_at, medication_id, medication_alert_time_id, status, time_to_take, updated_at) 
    values
        (?, ?, ?, ?, ?, ?, ?)
Hibernate: 
    select
        mi1_0.medication_id,
        mi1_0.created_at,
        mi1_0.deleted_at,
        mi1_0.medication_name,
        mi1_0.patient_guardian_id,
        mi1_0.updated_at,
        mi1_0.user_id 
    from
        tbl_medication_information mi1_0 
    where
        mi1_0.medication_id=? 
        and mi1_0.deleted_at is null
Hibernate: 
    select
        at1_0.medication_id,
        at1_0.medication_alert_time_id,
        at1_0.created_at,
        at1_0.deleted_at,
        at1_0.time_to_take,
        at1_0.updated_at 
    from
        tbl_medication_alert_time at1_0 
    where
        at1_0.medication_id=?
Hibernate: 
    insert 
    into
        tbl_medication_log
        (created_at, deleted_at, medication_id, medication_alert_time_id, status, time_to_take, updated_at) 
    values
        (?, ?, ?, ?, ?, ?, ?)
2025-06-01T20:30:34.802+09:00  INFO 1856 --- [    Test worker] o.s.b.t.m.w.SpringBootMockServletContext : Initializing Spring TestDispatcherServlet ''
2025-06-01T20:30:34.802+09:00  INFO 1856 --- [    Test worker] o.s.t.web.servlet.TestDispatcherServlet  : Initializing Servlet ''
2025-06-01T20:30:34.803+09:00  INFO 1856 --- [    Test worker] o.s.t.web.servlet.TestDispatcherServlet  : Completed initialization in 1 ms
Hibernate: 
    select
        ml1_0.medication_log_id,
        ml1_0.created_at,
        ml1_0.deleted_at,
        ml1_0.medication_id,
        ml1_0.medication_alert_time_id,
        ml1_0.status,
        ml1_0.time_to_take,
        ml1_0.updated_at 
    from
        tbl_medication_log ml1_0
Hibernate: 
    delete 
    from
        tbl_medication_log 
    where
        medication_log_id=?
Hibernate: 
    delete 
    from
        tbl_medication_log 
    where
        medication_log_id=?
Hibernate: 
    select
        mad1_0.medication_alert_day_id,
        mad1_0.created_at,
        mad1_0.day_of_week,
        mad1_0.deleted_at,
        mad1_0.medication_alert_time_id,
        mad1_0.updated_at 
    from
        tbl_medication_alert_day mad1_0
Hibernate: 
    delete 
    from
        tbl_medication_alert_day 
    where
        medication_alert_day_id=?
Hibernate: 
    delete 
    from
        tbl_medication_alert_day 
    where
        medication_alert_day_id=?
Hibernate: 
    select
        mat1_0.medication_alert_time_id,
        mat1_0.created_at,
        mat1_0.deleted_at,
        mat1_0.medication_id,
        mat1_0.time_to_take,
        mat1_0.updated_at 
    from
        tbl_medication_alert_time mat1_0
Hibernate: 
    select
        ad1_0.medication_alert_time_id,
        ad1_0.medication_alert_day_id,
        ad1_0.created_at,
        ad1_0.day_of_week,
        ad1_0.deleted_at,
        ad1_0.updated_at 
    from
        tbl_medication_alert_day ad1_0 
    where
        ad1_0.medication_alert_time_id=?
Hibernate: 
    delete 
    from
        tbl_medication_alert_time 
    where
        medication_alert_time_id=?
Hibernate: 
    select
        mi1_0.medication_id,
        mi1_0.created_at,
        mi1_0.deleted_at,
        mi1_0.medication_name,
        mi1_0.patient_guardian_id,
        mi1_0.updated_at,
        mi1_0.user_id 
    from
        tbl_medication_information mi1_0
Hibernate: 
    select
        at1_0.medication_id,
        at1_0.medication_alert_time_id,
        at1_0.created_at,
        at1_0.deleted_at,
        at1_0.time_to_take,
        at1_0.updated_at 
    from
        tbl_medication_alert_time at1_0 
    where
        at1_0.medication_id=?
Hibernate: 
    delete 
    from
        tbl_medication_information 
    where
        medication_id=?
Hibernate: 
    select
        pg1_0.patient_guardian_id,
        pg1_0.created_at,
        pg1_0.deleted_at,
        pg1_0.invite_code,
        pg1_0.invited_at,
        pg1_0.patient_id,
        pg1_0.responded_at,
        pg1_0.status,
        pg1_0.updated_at,
        pg1_0.user_id 
    from
        tbl_patient_guardian pg1_0
Hibernate: 
    select
        p1_0.patient_id,
        p1_0.created_at,
        p1_0.deleted_at,
        p1_0.resident_registration_number,
        p1_0.updated_at,
        p1_0.user_id 
    from
        tbl_patient p1_0
Hibernate: 
    select
        u1_0.user_id,
        u1_0.address,
        u1_0.created_at,
        u1_0.deleted_at,
        u1_0.email,
        u1_0.is_suspended,
        u1_0.login_type,
        u1_0.name,
        u1_0.password,
        u1_0.penalty,
        u1_0.phone,
        u1_0.file_id,
        u1_0.provider_id,
        u1_0.role,
        u1_0.suspended_at,
        u1_0.suspension_expires_at,
        u1_0.updated_at,
        u1_0.uuid 
    from
        tbl_user u1_0
Hibernate: 
    delete 
    from
        tbl_user 
    where
        user_id=?
Hibernate: 
    insert 
    into
        tbl_user
        (address, created_at, deleted_at, email, is_suspended, login_type, name, password, penalty, phone, file_id, provider_id, role, suspended_at, suspension_expires_at, updated_at, uuid) 
    values
        (?, ?, ?, ?, ?, ?, ?, ?, ?, ?, ?, ?, ?, ?, ?, ?, ?)
Hibernate: 
    insert 
    into
        tbl_medication_information
        (created_at, deleted_at, medication_name, patient_guardian_id, updated_at, user_id) 
    values
        (?, ?, ?, ?, ?, ?)
Hibernate: 
    insert 
    into
        tbl_medication_alert_time
        (created_at, deleted_at, medication_id, time_to_take, updated_at) 
    values
        (?, ?, ?, ?, ?)
Hibernate: 
    insert 
    into
        tbl_medication_alert_day
        (created_at, day_of_week, deleted_at, medication_alert_time_id, updated_at) 
    values
        (?, ?, ?, ?, ?)
Hibernate: 
    insert 
    into
        tbl_medication_alert_day
        (created_at, day_of_week, deleted_at, medication_alert_time_id, updated_at) 
    values
        (?, ?, ?, ?, ?)
Hibernate: 
    insert 
    into
        tbl_medication_log
        (created_at, deleted_at, medication_id, medication_alert_time_id, status, time_to_take, updated_at) 
    values
        (?, ?, ?, ?, ?, ?, ?)
Hibernate: 
    select
        mi1_0.medication_id,
        mi1_0.created_at,
        mi1_0.deleted_at,
        mi1_0.medication_name,
        mi1_0.patient_guardian_id,
        mi1_0.updated_at,
        mi1_0.user_id 
    from
        tbl_medication_information mi1_0 
    where
        mi1_0.medication_id=? 
        and mi1_0.deleted_at is null
Hibernate: 
    select
        at1_0.medication_id,
        at1_0.medication_alert_time_id,
        at1_0.created_at,
        at1_0.deleted_at,
        at1_0.time_to_take,
        at1_0.updated_at 
    from
        tbl_medication_alert_time at1_0 
    where
        at1_0.medication_id=?
Hibernate: 
    select
        ad1_0.medication_alert_time_id,
        ad1_0.medication_alert_day_id,
        ad1_0.created_at,
        ad1_0.day_of_week,
        ad1_0.deleted_at,
        ad1_0.updated_at 
    from
        tbl_medication_alert_day ad1_0 
    where
        ad1_0.medication_alert_time_id=?
Hibernate: 
    insert 
    into
        tbl_medication_alert_day
        (created_at, day_of_week, deleted_at, medication_alert_time_id, updated_at) 
    values
        (?, ?, ?, ?, ?)
Hibernate: 
    insert 
    into
        tbl_medication_alert_day
        (created_at, day_of_week, deleted_at, medication_alert_time_id, updated_at) 
    values
        (?, ?, ?, ?, ?)
Hibernate: 
    update
        tbl_medication_alert_time 
    set
        created_at=?,
        deleted_at=?,
        medication_id=?,
        time_to_take=?,
        updated_at=? 
    where
        medication_alert_time_id=?
Hibernate: 
    delete 
    from
        tbl_medication_alert_day 
    where
        medication_alert_day_id=?
Hibernate: 
    delete 
    from
        tbl_medication_alert_day 
    where
        medication_alert_day_id=?
2025-06-01T20:30:34.884+09:00  INFO 1856 --- [    Test worker] o.s.b.t.m.w.SpringBootMockServletContext : Initializing Spring TestDispatcherServlet ''
2025-06-01T20:30:34.884+09:00  INFO 1856 --- [    Test worker] o.s.t.web.servlet.TestDispatcherServlet  : Initializing Servlet ''
2025-06-01T20:30:34.885+09:00  INFO 1856 --- [    Test worker] o.s.t.web.servlet.TestDispatcherServlet  : Completed initialization in 1 ms
Hibernate: 
    select
        ml1_0.medication_log_id,
        ml1_0.created_at,
        ml1_0.deleted_at,
        ml1_0.medication_id,
        ml1_0.medication_alert_time_id,
        ml1_0.status,
        ml1_0.time_to_take,
        ml1_0.updated_at 
    from
        tbl_medication_log ml1_0
Hibernate: 
    delete 
    from
        tbl_medication_log 
    where
        medication_log_id=?
Hibernate: 
    select
        mad1_0.medication_alert_day_id,
        mad1_0.created_at,
        mad1_0.day_of_week,
        mad1_0.deleted_at,
        mad1_0.medication_alert_time_id,
        mad1_0.updated_at 
    from
        tbl_medication_alert_day mad1_0
Hibernate: 
    delete 
    from
        tbl_medication_alert_day 
    where
        medication_alert_day_id=?
Hibernate: 
    delete 
    from
        tbl_medication_alert_day 
    where
        medication_alert_day_id=?
Hibernate: 
    select
        mat1_0.medication_alert_time_id,
        mat1_0.created_at,
        mat1_0.deleted_at,
        mat1_0.medication_id,
        mat1_0.time_to_take,
        mat1_0.updated_at 
    from
        tbl_medication_alert_time mat1_0
Hibernate: 
    select
        ad1_0.medication_alert_time_id,
        ad1_0.medication_alert_day_id,
        ad1_0.created_at,
        ad1_0.day_of_week,
        ad1_0.deleted_at,
        ad1_0.updated_at 
    from
        tbl_medication_alert_day ad1_0 
    where
        ad1_0.medication_alert_time_id=?
Hibernate: 
    delete 
    from
        tbl_medication_alert_time 
    where
        medication_alert_time_id=?
Hibernate: 
    select
        mi1_0.medication_id,
        mi1_0.created_at,
        mi1_0.deleted_at,
        mi1_0.medication_name,
        mi1_0.patient_guardian_id,
        mi1_0.updated_at,
        mi1_0.user_id 
    from
        tbl_medication_information mi1_0
Hibernate: 
    select
        at1_0.medication_id,
        at1_0.medication_alert_time_id,
        at1_0.created_at,
        at1_0.deleted_at,
        at1_0.time_to_take,
        at1_0.updated_at 
    from
        tbl_medication_alert_time at1_0 
    where
        at1_0.medication_id=?
Hibernate: 
    delete 
    from
        tbl_medication_information 
    where
        medication_id=?
Hibernate: 
    select
        pg1_0.patient_guardian_id,
        pg1_0.created_at,
        pg1_0.deleted_at,
        pg1_0.invite_code,
        pg1_0.invited_at,
        pg1_0.patient_id,
        pg1_0.responded_at,
        pg1_0.status,
        pg1_0.updated_at,
        pg1_0.user_id 
    from
        tbl_patient_guardian pg1_0
Hibernate: 
    select
        p1_0.patient_id,
        p1_0.created_at,
        p1_0.deleted_at,
        p1_0.resident_registration_number,
        p1_0.updated_at,
        p1_0.user_id 
    from
        tbl_patient p1_0
Hibernate: 
    select
        u1_0.user_id,
        u1_0.address,
        u1_0.created_at,
        u1_0.deleted_at,
        u1_0.email,
        u1_0.is_suspended,
        u1_0.login_type,
        u1_0.name,
        u1_0.password,
        u1_0.penalty,
        u1_0.phone,
        u1_0.file_id,
        u1_0.provider_id,
        u1_0.role,
        u1_0.suspended_at,
        u1_0.suspension_expires_at,
        u1_0.updated_at,
        u1_0.uuid 
    from
        tbl_user u1_0
Hibernate: 
    delete 
    from
        tbl_user 
    where
        user_id=?
Hibernate: 
    insert 
    into
        tbl_user
        (address, created_at, deleted_at, email, is_suspended, login_type, name, password, penalty, phone, file_id, provider_id, role, suspended_at, suspension_expires_at, updated_at, uuid) 
    values
        (?, ?, ?, ?, ?, ?, ?, ?, ?, ?, ?, ?, ?, ?, ?, ?, ?)
Hibernate: 
    insert 
    into
        tbl_medication_information
        (created_at, deleted_at, medication_name, patient_guardian_id, updated_at, user_id) 
    values
        (?, ?, ?, ?, ?, ?)
Hibernate: 
    insert 
    into
        tbl_medication_alert_time
        (created_at, deleted_at, medication_id, time_to_take, updated_at) 
    values
        (?, ?, ?, ?, ?)
Hibernate: 
    insert 
    into
        tbl_medication_alert_day
        (created_at, day_of_week, deleted_at, medication_alert_time_id, updated_at) 
    values
        (?, ?, ?, ?, ?)
Hibernate: 
    insert 
    into
        tbl_medication_alert_day
        (created_at, day_of_week, deleted_at, medication_alert_time_id, updated_at) 
    values
        (?, ?, ?, ?, ?)
Hibernate: 
    insert 
    into
        tbl_medication_log
        (created_at, deleted_at, medication_id, medication_alert_time_id, status, time_to_take, updated_at) 
    values
        (?, ?, ?, ?, ?, ?, ?)
Hibernate: 
    select
        mi1_0.medication_id,
        mi1_0.created_at,
        mi1_0.deleted_at,
        mi1_0.medication_name,
        mi1_0.patient_guardian_id,
        mi1_0.updated_at,
        mi1_0.user_id 
    from
        tbl_medication_information mi1_0 
    where
        mi1_0.medication_id=? 
        and mi1_0.deleted_at is null
Hibernate: 
    update
        tbl_medication_information 
    set
        created_at=?,
        deleted_at=?,
        medication_name=?,
        patient_guardian_id=?,
        updated_at=?,
        user_id=? 
    where
        medication_id=?
2025-06-01T20:30:34.948+09:00  INFO 1856 --- [    Test worker] o.s.b.t.m.w.SpringBootMockServletContext : Initializing Spring TestDispatcherServlet ''
2025-06-01T20:30:34.948+09:00  INFO 1856 --- [    Test worker] o.s.t.web.servlet.TestDispatcherServlet  : Initializing Servlet ''
2025-06-01T20:30:34.948+09:00  INFO 1856 --- [    Test worker] o.s.t.web.servlet.TestDispatcherServlet  : Completed initialization in 0 ms
Hibernate: 
    select
        ml1_0.medication_log_id,
        ml1_0.created_at,
        ml1_0.deleted_at,
        ml1_0.medication_id,
        ml1_0.medication_alert_time_id,
        ml1_0.status,
        ml1_0.time_to_take,
        ml1_0.updated_at 
    from
        tbl_medication_log ml1_0
Hibernate: 
    delete 
    from
        tbl_medication_log 
    where
        medication_log_id=?
Hibernate: 
    select
        mad1_0.medication_alert_day_id,
        mad1_0.created_at,
        mad1_0.day_of_week,
        mad1_0.deleted_at,
        mad1_0.medication_alert_time_id,
        mad1_0.updated_at 
    from
        tbl_medication_alert_day mad1_0
Hibernate: 
    delete 
    from
        tbl_medication_alert_day 
    where
        medication_alert_day_id=?
Hibernate: 
    delete 
    from
        tbl_medication_alert_day 
    where
        medication_alert_day_id=?
Hibernate: 
    select
        mat1_0.medication_alert_time_id,
        mat1_0.created_at,
        mat1_0.deleted_at,
        mat1_0.medication_id,
        mat1_0.time_to_take,
        mat1_0.updated_at 
    from
        tbl_medication_alert_time mat1_0
Hibernate: 
    select
        ad1_0.medication_alert_time_id,
        ad1_0.medication_alert_day_id,
        ad1_0.created_at,
        ad1_0.day_of_week,
        ad1_0.deleted_at,
        ad1_0.updated_at 
    from
        tbl_medication_alert_day ad1_0 
    where
        ad1_0.medication_alert_time_id=?
Hibernate: 
    delete 
    from
        tbl_medication_alert_time 
    where
        medication_alert_time_id=?
Hibernate: 
    select
        mi1_0.medication_id,
        mi1_0.created_at,
        mi1_0.deleted_at,
        mi1_0.medication_name,
        mi1_0.patient_guardian_id,
        mi1_0.updated_at,
        mi1_0.user_id 
    from
        tbl_medication_information mi1_0
Hibernate: 
    select
        at1_0.medication_id,
        at1_0.medication_alert_time_id,
        at1_0.created_at,
        at1_0.deleted_at,
        at1_0.time_to_take,
        at1_0.updated_at 
    from
        tbl_medication_alert_time at1_0 
    where
        at1_0.medication_id=?
Hibernate: 
    delete 
    from
        tbl_medication_information 
    where
        medication_id=?
Hibernate: 
    select
        pg1_0.patient_guardian_id,
        pg1_0.created_at,
        pg1_0.deleted_at,
        pg1_0.invite_code,
        pg1_0.invited_at,
        pg1_0.patient_id,
        pg1_0.responded_at,
        pg1_0.status,
        pg1_0.updated_at,
        pg1_0.user_id 
    from
        tbl_patient_guardian pg1_0
Hibernate: 
    select
        p1_0.patient_id,
        p1_0.created_at,
        p1_0.deleted_at,
        p1_0.resident_registration_number,
        p1_0.updated_at,
        p1_0.user_id 
    from
        tbl_patient p1_0
Hibernate: 
    select
        u1_0.user_id,
        u1_0.address,
        u1_0.created_at,
        u1_0.deleted_at,
        u1_0.email,
        u1_0.is_suspended,
        u1_0.login_type,
        u1_0.name,
        u1_0.password,
        u1_0.penalty,
        u1_0.phone,
        u1_0.file_id,
        u1_0.provider_id,
        u1_0.role,
        u1_0.suspended_at,
        u1_0.suspension_expires_at,
        u1_0.updated_at,
        u1_0.uuid 
    from
        tbl_user u1_0
Hibernate: 
    delete 
    from
        tbl_user 
    where
        user_id=?
Hibernate: 
    insert 
    into
        tbl_user
        (address, created_at, deleted_at, email, is_suspended, login_type, name, password, penalty, phone, file_id, provider_id, role, suspended_at, suspension_expires_at, updated_at, uuid) 
    values
        (?, ?, ?, ?, ?, ?, ?, ?, ?, ?, ?, ?, ?, ?, ?, ?, ?)
Hibernate: 
    insert 
    into
        tbl_medication_information
        (created_at, deleted_at, medication_name, patient_guardian_id, updated_at, user_id) 
    values
        (?, ?, ?, ?, ?, ?)
Hibernate: 
    insert 
    into
        tbl_medication_alert_time
        (created_at, deleted_at, medication_id, time_to_take, updated_at) 
    values
        (?, ?, ?, ?, ?)
Hibernate: 
    insert 
    into
        tbl_medication_alert_day
        (created_at, day_of_week, deleted_at, medication_alert_time_id, updated_at) 
    values
        (?, ?, ?, ?, ?)
Hibernate: 
    insert 
    into
        tbl_medication_alert_day
        (created_at, day_of_week, deleted_at, medication_alert_time_id, updated_at) 
    values
        (?, ?, ?, ?, ?)
Hibernate: 
    insert 
    into
        tbl_medication_log
        (created_at, deleted_at, medication_id, medication_alert_time_id, status, time_to_take, updated_at) 
    values
        (?, ?, ?, ?, ?, ?, ?)
2025-06-01T20:30:35.012+09:00 TRACE 1856 --- [    Test worker] w.c.HttpSessionSecurityContextRepository : No HttpSession currently exists
2025-06-01T20:30:35.012+09:00 TRACE 1856 --- [    Test worker] w.c.HttpSessionSecurityContextRepository : Created SecurityContextImpl [Null authentication]
2025-06-01T20:30:35.017+09:00 TRACE 1856 --- [    Test worker] .s.s.w.c.SupplierDeferredSecurityContext : Created SecurityContextImpl [Null authentication]
2025-06-01T20:30:35.018+09:00 DEBUG 1856 --- [    Test worker] w.c.HttpSessionSecurityContextRepository : Created HttpSession as SecurityContext is non-default
2025-06-01T20:30:35.019+09:00 DEBUG 1856 --- [    Test worker] w.c.HttpSessionSecurityContextRepository : Stored SecurityContextImpl [Authentication=UsernamePasswordAuthenticationToken [Principal=org.springframework.security.core.userdetails.User [Username=test-uuid-1234, Password=[PROTECTED], Enabled=true, AccountNonExpired=true, CredentialsNonExpired=true, AccountNonLocked=true, Granted Authorities=[ROLE_USER]], Credentials=[PROTECTED], Authenticated=true, Details=null, Granted Authorities=[ROLE_USER]]] to HttpSession [org.springframework.mock.web.MockHttpSession@ae4c757]
Hibernate: 
    select
        u1_0.user_id,
        u1_0.address,
        u1_0.created_at,
        u1_0.deleted_at,
        u1_0.email,
        u1_0.is_suspended,
        u1_0.login_type,
        u1_0.name,
        u1_0.password,
        u1_0.penalty,
        u1_0.phone,
        u1_0.file_id,
        u1_0.provider_id,
        u1_0.role,
        u1_0.suspended_at,
        u1_0.suspension_expires_at,
        u1_0.updated_at,
        u1_0.uuid 
    from
        tbl_user u1_0 
    where
        u1_0.uuid=?
Hibernate: 
    select
        ml1_0.medication_log_id,
        ml1_0.created_at,
        ml1_0.deleted_at,
        ml1_0.medication_id,
        ml1_0.medication_alert_time_id,
        ml1_0.status,
        ml1_0.time_to_take,
        ml1_0.updated_at 
    from
        tbl_medication_log ml1_0 
    left join
        tbl_medication_information m1_0 
            on m1_0.medication_id=ml1_0.medication_id 
    left join
        tbl_user u1_0 
            on u1_0.user_id=m1_0.user_id 
    where
        u1_0.user_id=? 
        and ml1_0.deleted_at is null 
    fetch
        first ? rows only
]]></system-out>
  <system-err><![CDATA[]]></system-err>
</testsuite>
